{"/Users/sandeshwarsharma/Workspace/Learning/SENSEXChromeExt/js/background.js": {"path":"/Users/sandeshwarsharma/Workspace/Learning/SENSEXChromeExt/js/background.js","statementMap":{"0":{"start":{"line":1,"column":21},"end":{"line":1,"column":25}},"1":{"start":{"line":4,"column":0},"end":{"line":8,"column":3}},"2":{"start":{"line":5,"column":4},"end":{"line":7,"column":5}},"3":{"start":{"line":6,"column":8},"end":{"line":6,"column":47}},"4":{"start":{"line":11,"column":0},"end":{"line":93,"column":3}},"5":{"start":{"line":12,"column":4},"end":{"line":92,"column":5}},"6":{"start":{"line":13,"column":8},"end":{"line":61,"column":9}},"7":{"start":{"line":15,"column":12},"end":{"line":48,"column":15}},"8":{"start":{"line":16,"column":16},"end":{"line":47,"column":17}},"9":{"start":{"line":17,"column":43},"end":{"line":17,"column":54}},"10":{"start":{"line":18,"column":40},"end":{"line":18,"column":69}},"11":{"start":{"line":19,"column":41},"end":{"line":19,"column":71}},"12":{"start":{"line":22,"column":34},"end":{"line":22,"column":37}},"13":{"start":{"line":23,"column":35},"end":{"line":23,"column":38}},"14":{"start":{"line":24,"column":33},"end":{"line":24,"column":70}},"15":{"start":{"line":25,"column":32},"end":{"line":25,"column":71}},"16":{"start":{"line":28,"column":20},"end":{"line":46,"column":23}},"17":{"start":{"line":37,"column":24},"end":{"line":45,"column":25}},"18":{"start":{"line":38,"column":28},"end":{"line":38,"column":106}},"19":{"start":{"line":40,"column":28},"end":{"line":40,"column":55}},"20":{"start":{"line":42,"column":28},"end":{"line":42,"column":87}},"21":{"start":{"line":44,"column":28},"end":{"line":44,"column":89}},"22":{"start":{"line":51,"column":12},"end":{"line":60,"column":15}},"23":{"start":{"line":57,"column":16},"end":{"line":59,"column":17}},"24":{"start":{"line":58,"column":20},"end":{"line":58,"column":97}},"25":{"start":{"line":62,"column":11},"end":{"line":92,"column":5}},"26":{"start":{"line":64,"column":8},"end":{"line":74,"column":9}},"27":{"start":{"line":65,"column":12},"end":{"line":73,"column":15}},"28":{"start":{"line":66,"column":16},"end":{"line":72,"column":17}},"29":{"start":{"line":67,"column":20},"end":{"line":67,"column":98}},"30":{"start":{"line":69,"column":20},"end":{"line":69,"column":42}},"31":{"start":{"line":71,"column":20},"end":{"line":71,"column":66}},"32":{"start":{"line":75,"column":11},"end":{"line":92,"column":5}},"33":{"start":{"line":77,"column":8},"end":{"line":90,"column":9}},"34":{"start":{"line":78,"column":12},"end":{"line":87,"column":15}},"35":{"start":{"line":79,"column":16},"end":{"line":86,"column":17}},"36":{"start":{"line":81,"column":20},"end":{"line":81,"column":42}},"37":{"start":{"line":82,"column":20},"end":{"line":82,"column":66}},"38":{"start":{"line":83,"column":20},"end":{"line":83,"column":54}},"39":{"start":{"line":85,"column":20},"end":{"line":85,"column":53}},"40":{"start":{"line":89,"column":12},"end":{"line":89,"column":46}},"41":{"start":{"line":91,"column":8},"end":{"line":91,"column":20}},"42":{"start":{"line":96,"column":0},"end":{"line":102,"column":3}},"43":{"start":{"line":97,"column":4},"end":{"line":101,"column":5}},"44":{"start":{"line":98,"column":8},"end":{"line":98,"column":30}},"45":{"start":{"line":100,"column":8},"end":{"line":100,"column":54}}},"fnMap":{"0":{"name":"(anonymous_0)","decl":{"start":{"line":4,"column":45},"end":{"line":4,"column":46}},"loc":{"start":{"line":4,"column":57},"end":{"line":8,"column":1}},"line":4},"1":{"name":"(anonymous_1)","decl":{"start":{"line":11,"column":37},"end":{"line":11,"column":38}},"loc":{"start":{"line":11,"column":72},"end":{"line":93,"column":1}},"line":11},"2":{"name":"(anonymous_2)","decl":{"start":{"line":15,"column":42},"end":{"line":15,"column":43}},"loc":{"start":{"line":15,"column":56},"end":{"line":48,"column":13}},"line":15},"3":{"name":"(anonymous_3)","decl":{"start":{"line":36,"column":23},"end":{"line":36,"column":24}},"loc":{"start":{"line":36,"column":35},"end":{"line":46,"column":21}},"line":36},"4":{"name":"(anonymous_4)","decl":{"start":{"line":56,"column":15},"end":{"line":56,"column":16}},"loc":{"start":{"line":56,"column":21},"end":{"line":60,"column":13}},"line":56},"5":{"name":"(anonymous_5)","decl":{"start":{"line":65,"column":50},"end":{"line":65,"column":51}},"loc":{"start":{"line":65,"column":56},"end":{"line":73,"column":13}},"line":65},"6":{"name":"(anonymous_6)","decl":{"start":{"line":78,"column":47},"end":{"line":78,"column":48}},"loc":{"start":{"line":78,"column":59},"end":{"line":87,"column":13}},"line":78},"7":{"name":"(anonymous_7)","decl":{"start":{"line":96,"column":37},"end":{"line":96,"column":38}},"loc":{"start":{"line":96,"column":51},"end":{"line":102,"column":1}},"line":96}},"branchMap":{"0":{"loc":{"start":{"line":5,"column":4},"end":{"line":7,"column":5}},"type":"if","locations":[{"start":{"line":5,"column":4},"end":{"line":7,"column":5}},{"start":{},"end":{}}],"line":5},"1":{"loc":{"start":{"line":12,"column":4},"end":{"line":92,"column":5}},"type":"if","locations":[{"start":{"line":12,"column":4},"end":{"line":92,"column":5}},{"start":{"line":62,"column":11},"end":{"line":92,"column":5}}],"line":12},"2":{"loc":{"start":{"line":13,"column":8},"end":{"line":61,"column":9}},"type":"if","locations":[{"start":{"line":13,"column":8},"end":{"line":61,"column":9}},{"start":{"line":49,"column":15},"end":{"line":61,"column":9}}],"line":13},"3":{"loc":{"start":{"line":16,"column":16},"end":{"line":47,"column":17}},"type":"if","locations":[{"start":{"line":16,"column":16},"end":{"line":47,"column":17}},{"start":{},"end":{}}],"line":16},"4":{"loc":{"start":{"line":37,"column":24},"end":{"line":45,"column":25}},"type":"if","locations":[{"start":{"line":37,"column":24},"end":{"line":45,"column":25}},{"start":{"line":39,"column":31},"end":{"line":45,"column":25}}],"line":37},"5":{"loc":{"start":{"line":57,"column":16},"end":{"line":59,"column":17}},"type":"if","locations":[{"start":{"line":57,"column":16},"end":{"line":59,"column":17}},{"start":{},"end":{}}],"line":57},"6":{"loc":{"start":{"line":62,"column":11},"end":{"line":92,"column":5}},"type":"if","locations":[{"start":{"line":62,"column":11},"end":{"line":92,"column":5}},{"start":{"line":75,"column":11},"end":{"line":92,"column":5}}],"line":62},"7":{"loc":{"start":{"line":64,"column":8},"end":{"line":74,"column":9}},"type":"if","locations":[{"start":{"line":64,"column":8},"end":{"line":74,"column":9}},{"start":{},"end":{}}],"line":64},"8":{"loc":{"start":{"line":66,"column":16},"end":{"line":72,"column":17}},"type":"if","locations":[{"start":{"line":66,"column":16},"end":{"line":72,"column":17}},{"start":{"line":68,"column":23},"end":{"line":72,"column":17}}],"line":66},"9":{"loc":{"start":{"line":75,"column":11},"end":{"line":92,"column":5}},"type":"if","locations":[{"start":{"line":75,"column":11},"end":{"line":92,"column":5}},{"start":{},"end":{}}],"line":75},"10":{"loc":{"start":{"line":77,"column":8},"end":{"line":90,"column":9}},"type":"if","locations":[{"start":{"line":77,"column":8},"end":{"line":90,"column":9}},{"start":{"line":88,"column":15},"end":{"line":90,"column":9}}],"line":77},"11":{"loc":{"start":{"line":79,"column":16},"end":{"line":86,"column":17}},"type":"if","locations":[{"start":{"line":79,"column":16},"end":{"line":86,"column":17}},{"start":{"line":84,"column":23},"end":{"line":86,"column":17}}],"line":79},"12":{"loc":{"start":{"line":97,"column":4},"end":{"line":101,"column":5}},"type":"if","locations":[{"start":{"line":97,"column":4},"end":{"line":101,"column":5}},{"start":{},"end":{}}],"line":97}},"s":{"0":0,"1":0,"2":0,"3":0,"4":0,"5":0,"6":0,"7":0,"8":0,"9":0,"10":0,"11":0,"12":0,"13":0,"14":0,"15":0,"16":0,"17":0,"18":0,"19":0,"20":0,"21":0,"22":0,"23":0,"24":0,"25":0,"26":0,"27":0,"28":0,"29":0,"30":0,"31":0,"32":0,"33":0,"34":0,"35":0,"36":0,"37":0,"38":0,"39":0,"40":0,"41":0,"42":0,"43":0,"44":0,"45":0},"f":{"0":0,"1":0,"2":0,"3":0,"4":0,"5":0,"6":0,"7":0},"b":{"0":[0,0],"1":[0,0],"2":[0,0],"3":[0,0],"4":[0,0],"5":[0,0],"6":[0,0],"7":[0,0],"8":[0,0],"9":[0,0],"10":[0,0],"11":[0,0],"12":[0,0]}}
,"/Users/sandeshwarsharma/Workspace/Learning/SENSEXChromeExt/js/cache.js": {"path":"/Users/sandeshwarsharma/Workspace/Learning/SENSEXChromeExt/js/cache.js","statementMap":{"0":{"start":{"line":1,"column":18},"end":{"line":1,"column":31}},"1":{"start":{"line":2,"column":35},"end":{"line":2,"column":36}},"2":{"start":{"line":5,"column":18},"end":{"line":5,"column":69}},"3":{"start":{"line":6,"column":16},"end":{"line":6,"column":36}},"4":{"start":{"line":9,"column":4},"end":{"line":13,"column":7}},"5":{"start":{"line":10,"column":8},"end":{"line":12,"column":9}},"6":{"start":{"line":11,"column":12},"end":{"line":11,"column":30}},"7":{"start":{"line":15,"column":4},"end":{"line":15,"column":59}},"8":{"start":{"line":16,"column":4},"end":{"line":16,"column":17}},"9":{"start":{"line":20,"column":4},"end":{"line":20,"column":36}},"10":{"start":{"line":20,"column":29},"end":{"line":20,"column":36}},"11":{"start":{"line":22,"column":18},"end":{"line":22,"column":28}},"12":{"start":{"line":23,"column":4},"end":{"line":27,"column":6}},"13":{"start":{"line":29,"column":4},"end":{"line":29,"column":59}}},"fnMap":{"0":{"name":"getCache","decl":{"start":{"line":4,"column":16},"end":{"line":4,"column":24}},"loc":{"start":{"line":4,"column":27},"end":{"line":17,"column":1}},"line":4},"1":{"name":"(anonymous_1)","decl":{"start":{"line":9,"column":31},"end":{"line":9,"column":32}},"loc":{"start":{"line":9,"column":38},"end":{"line":13,"column":5}},"line":9},"2":{"name":"setCache","decl":{"start":{"line":19,"column":16},"end":{"line":19,"column":24}},"loc":{"start":{"line":19,"column":42},"end":{"line":30,"column":1}},"line":19}},"branchMap":{"0":{"loc":{"start":{"line":5,"column":29},"end":{"line":5,"column":68}},"type":"binary-expr","locations":[{"start":{"line":5,"column":29},"end":{"line":5,"column":60}},{"start":{"line":5,"column":64},"end":{"line":5,"column":68}}],"line":5},"1":{"loc":{"start":{"line":10,"column":8},"end":{"line":12,"column":9}},"type":"if","locations":[{"start":{"line":10,"column":8},"end":{"line":12,"column":9}},{"start":{},"end":{}}],"line":10},"2":{"loc":{"start":{"line":10,"column":12},"end":{"line":10,"column":78}},"type":"binary-expr","locations":[{"start":{"line":10,"column":12},"end":{"line":10,"column":30}},{"start":{"line":10,"column":34},"end":{"line":10,"column":78}}],"line":10},"3":{"loc":{"start":{"line":20,"column":4},"end":{"line":20,"column":36}},"type":"if","locations":[{"start":{"line":20,"column":4},"end":{"line":20,"column":36}},{"start":{},"end":{}}],"line":20},"4":{"loc":{"start":{"line":20,"column":8},"end":{"line":20,"column":27}},"type":"binary-expr","locations":[{"start":{"line":20,"column":8},"end":{"line":20,"column":18}},{"start":{"line":20,"column":22},"end":{"line":20,"column":27}}],"line":20}},"s":{"0":0,"1":0,"2":0,"3":0,"4":0,"5":0,"6":0,"7":0,"8":0,"9":0,"10":0,"11":0,"12":0,"13":0},"f":{"0":0,"1":0,"2":0},"b":{"0":[0,0],"1":[0,0],"2":[0,0],"3":[0,0],"4":[0,0]}}
,"/Users/sandeshwarsharma/Workspace/Learning/SENSEXChromeExt/js/settings.js": {"path":"/Users/sandeshwarsharma/Workspace/Learning/SENSEXChromeExt/js/settings.js","statementMap":{"0":{"start":{"line":4,"column":24},"end":{"line":4,"column":43}},"1":{"start":{"line":8,"column":4},"end":{"line":12,"column":7}},"2":{"start":{"line":9,"column":8},"end":{"line":11,"column":11}},"3":{"start":{"line":10,"column":12},"end":{"line":10,"column":62}},"4":{"start":{"line":17,"column":4},"end":{"line":19,"column":7}},"5":{"start":{"line":18,"column":8},"end":{"line":18,"column":70}},"6":{"start":{"line":24,"column":17},"end":{"line":24,"column":46}},"7":{"start":{"line":25,"column":4},"end":{"line":25,"column":35}},"8":{"start":{"line":26,"column":4},"end":{"line":38,"column":6}},"9":{"start":{"line":39,"column":4},"end":{"line":39,"column":16}},"10":{"start":{"line":44,"column":23},"end":{"line":44,"column":61}},"11":{"start":{"line":45,"column":27},"end":{"line":45,"column":52}},"12":{"start":{"line":48,"column":4},"end":{"line":52,"column":7}},"13":{"start":{"line":49,"column":26},"end":{"line":49,"column":54}},"14":{"start":{"line":50,"column":27},"end":{"line":50,"column":67}},"15":{"start":{"line":51,"column":8},"end":{"line":51,"column":43}},"16":{"start":{"line":55,"column":4},"end":{"line":57,"column":7}},"17":{"start":{"line":56,"column":8},"end":{"line":56,"column":44}},"18":{"start":{"line":60,"column":4},"end":{"line":73,"column":7}},"19":{"start":{"line":61,"column":27},"end":{"line":61,"column":74}},"20":{"start":{"line":62,"column":31},"end":{"line":64,"column":41}},"21":{"start":{"line":63,"column":26},"end":{"line":63,"column":36}},"22":{"start":{"line":64,"column":23},"end":{"line":64,"column":40}},"23":{"start":{"line":66,"column":8},"end":{"line":69,"column":9}},"24":{"start":{"line":67,"column":12},"end":{"line":67,"column":55}},"25":{"start":{"line":68,"column":12},"end":{"line":68,"column":19}},"26":{"start":{"line":71,"column":8},"end":{"line":71,"column":49}},"27":{"start":{"line":72,"column":8},"end":{"line":72,"column":44}},"28":{"start":{"line":77,"column":0},"end":{"line":77,"column":66}}},"fnMap":{"0":{"name":"getEnabledMarkets","decl":{"start":{"line":7,"column":15},"end":{"line":7,"column":32}},"loc":{"start":{"line":7,"column":35},"end":{"line":13,"column":1}},"line":7},"1":{"name":"(anonymous_1)","decl":{"start":{"line":8,"column":23},"end":{"line":8,"column":24}},"loc":{"start":{"line":8,"column":36},"end":{"line":12,"column":5}},"line":8},"2":{"name":"(anonymous_2)","decl":{"start":{"line":9,"column":52},"end":{"line":9,"column":53}},"loc":{"start":{"line":9,"column":64},"end":{"line":11,"column":9}},"line":9},"3":{"name":"saveEnabledMarkets","decl":{"start":{"line":16,"column":15},"end":{"line":16,"column":33}},"loc":{"start":{"line":16,"column":43},"end":{"line":20,"column":1}},"line":16},"4":{"name":"(anonymous_4)","decl":{"start":{"line":17,"column":23},"end":{"line":17,"column":24}},"loc":{"start":{"line":17,"column":36},"end":{"line":19,"column":5}},"line":17},"5":{"name":"createMarketItem","decl":{"start":{"line":23,"column":9},"end":{"line":23,"column":25}},"loc":{"start":{"line":23,"column":48},"end":{"line":40,"column":1}},"line":23},"6":{"name":"initializeSettings","decl":{"start":{"line":43,"column":15},"end":{"line":43,"column":33}},"loc":{"start":{"line":43,"column":36},"end":{"line":74,"column":1}},"line":43},"7":{"name":"(anonymous_7)","decl":{"start":{"line":48,"column":36},"end":{"line":48,"column":37}},"loc":{"start":{"line":48,"column":55},"end":{"line":52,"column":5}},"line":48},"8":{"name":"(anonymous_8)","decl":{"start":{"line":55,"column":69},"end":{"line":55,"column":70}},"loc":{"start":{"line":55,"column":75},"end":{"line":57,"column":5}},"line":55},"9":{"name":"(anonymous_9)","decl":{"start":{"line":60,"column":69},"end":{"line":60,"column":70}},"loc":{"start":{"line":60,"column":81},"end":{"line":73,"column":5}},"line":60},"10":{"name":"(anonymous_10)","decl":{"start":{"line":63,"column":20},"end":{"line":63,"column":21}},"loc":{"start":{"line":63,"column":26},"end":{"line":63,"column":36}},"line":63},"11":{"name":"(anonymous_11)","decl":{"start":{"line":64,"column":17},"end":{"line":64,"column":18}},"loc":{"start":{"line":64,"column":23},"end":{"line":64,"column":40}},"line":64}},"branchMap":{"0":{"loc":{"start":{"line":10,"column":20},"end":{"line":10,"column":60}},"type":"binary-expr","locations":[{"start":{"line":10,"column":20},"end":{"line":10,"column":41}},{"start":{"line":10,"column":45},"end":{"line":10,"column":60}}],"line":10},"1":{"loc":{"start":{"line":31,"column":50},"end":{"line":31,"column":85}},"type":"binary-expr","locations":[{"start":{"line":31,"column":50},"end":{"line":31,"column":68}},{"start":{"line":31,"column":72},"end":{"line":31,"column":85}}],"line":31},"2":{"loc":{"start":{"line":35,"column":58},"end":{"line":35,"column":82}},"type":"cond-expr","locations":[{"start":{"line":35,"column":68},"end":{"line":35,"column":77}},{"start":{"line":35,"column":80},"end":{"line":35,"column":82}}],"line":35},"3":{"loc":{"start":{"line":66,"column":8},"end":{"line":69,"column":9}},"type":"if","locations":[{"start":{"line":66,"column":8},"end":{"line":69,"column":9}},{"start":{},"end":{}}],"line":66}},"s":{"0":0,"1":0,"2":0,"3":0,"4":0,"5":0,"6":0,"7":0,"8":0,"9":0,"10":0,"11":0,"12":0,"13":0,"14":0,"15":0,"16":0,"17":0,"18":0,"19":0,"20":0,"21":0,"22":0,"23":0,"24":0,"25":0,"26":0,"27":0,"28":0},"f":{"0":0,"1":0,"2":0,"3":0,"4":0,"5":0,"6":0,"7":0,"8":0,"9":0,"10":0,"11":0},"b":{"0":[0,0],"1":[0,0],"2":[0,0],"3":[0,0]}}
,"/Users/sandeshwarsharma/Workspace/Learning/SENSEXChromeExt/js/watchlist.js": {"path":"/Users/sandeshwarsharma/Workspace/Learning/SENSEXChromeExt/js/watchlist.js","statementMap":{"0":{"start":{"line":4,"column":8},"end":{"line":4,"column":36}},"1":{"start":{"line":9,"column":8},"end":{"line":16,"column":11}},"2":{"start":{"line":10,"column":12},"end":{"line":15,"column":15}},"3":{"start":{"line":11,"column":16},"end":{"line":13,"column":17}},"4":{"start":{"line":12,"column":20},"end":{"line":12,"column":77}},"5":{"start":{"line":14,"column":16},"end":{"line":14,"column":41}},"6":{"start":{"line":21,"column":8},"end":{"line":24,"column":11}},"7":{"start":{"line":22,"column":35},"end":{"line":22,"column":88}},"8":{"start":{"line":23,"column":12},"end":{"line":23,"column":77}},"9":{"start":{"line":29,"column":8},"end":{"line":31,"column":9}},"10":{"start":{"line":30,"column":12},"end":{"line":30,"column":71}},"11":{"start":{"line":32,"column":8},"end":{"line":32,"column":38}},"12":{"start":{"line":33,"column":8},"end":{"line":33,"column":36}},"13":{"start":{"line":34,"column":8},"end":{"line":34,"column":20}},"14":{"start":{"line":39,"column":8},"end":{"line":41,"column":9}},"15":{"start":{"line":40,"column":12},"end":{"line":40,"column":51}},"16":{"start":{"line":42,"column":26},"end":{"line":42,"column":60}},"17":{"start":{"line":43,"column":8},"end":{"line":47,"column":9}},"18":{"start":{"line":44,"column":12},"end":{"line":44,"column":35}},"19":{"start":{"line":45,"column":12},"end":{"line":45,"column":58}},"20":{"start":{"line":46,"column":12},"end":{"line":46,"column":40}},"21":{"start":{"line":48,"column":8},"end":{"line":48,"column":20}},"22":{"start":{"line":53,"column":8},"end":{"line":55,"column":9}},"23":{"start":{"line":54,"column":12},"end":{"line":54,"column":51}},"24":{"start":{"line":56,"column":26},"end":{"line":56,"column":60}},"25":{"start":{"line":57,"column":22},"end":{"line":57,"column":47}},"26":{"start":{"line":58,"column":8},"end":{"line":62,"column":9}},"27":{"start":{"line":59,"column":12},"end":{"line":59,"column":39}},"28":{"start":{"line":60,"column":12},"end":{"line":60,"column":58}},"29":{"start":{"line":61,"column":12},"end":{"line":61,"column":40}},"30":{"start":{"line":63,"column":8},"end":{"line":63,"column":20}},"31":{"start":{"line":68,"column":8},"end":{"line":70,"column":9}},"32":{"start":{"line":69,"column":12},"end":{"line":69,"column":51}},"33":{"start":{"line":71,"column":8},"end":{"line":71,"column":37}},"34":{"start":{"line":72,"column":8},"end":{"line":72,"column":36}},"35":{"start":{"line":73,"column":8},"end":{"line":73,"column":20}},"36":{"start":{"line":78,"column":8},"end":{"line":81,"column":12}},"37":{"start":{"line":78,"column":79},"end":{"line":81,"column":9}},"38":{"start":{"line":86,"column":8},"end":{"line":86,"column":47}}},"fnMap":{"0":{"name":"(anonymous_0)","decl":{"start":{"line":3,"column":4},"end":{"line":3,"column":5}},"loc":{"start":{"line":3,"column":18},"end":{"line":5,"column":5}},"line":3},"1":{"name":"(anonymous_1)","decl":{"start":{"line":8,"column":4},"end":{"line":8,"column":5}},"loc":{"start":{"line":8,"column":27},"end":{"line":17,"column":5}},"line":8},"2":{"name":"(anonymous_2)","decl":{"start":{"line":9,"column":27},"end":{"line":9,"column":28}},"loc":{"start":{"line":9,"column":40},"end":{"line":16,"column":9}},"line":9},"3":{"name":"(anonymous_3)","decl":{"start":{"line":10,"column":52},"end":{"line":10,"column":53}},"loc":{"start":{"line":10,"column":64},"end":{"line":15,"column":13}},"line":10},"4":{"name":"(anonymous_4)","decl":{"start":{"line":20,"column":4},"end":{"line":20,"column":5}},"loc":{"start":{"line":20,"column":27},"end":{"line":25,"column":5}},"line":20},"5":{"name":"(anonymous_5)","decl":{"start":{"line":21,"column":27},"end":{"line":21,"column":28}},"loc":{"start":{"line":21,"column":40},"end":{"line":24,"column":9}},"line":21},"6":{"name":"(anonymous_6)","decl":{"start":{"line":28,"column":4},"end":{"line":28,"column":5}},"loc":{"start":{"line":28,"column":32},"end":{"line":35,"column":5}},"line":28},"7":{"name":"(anonymous_7)","decl":{"start":{"line":38,"column":4},"end":{"line":38,"column":5}},"loc":{"start":{"line":38,"column":48},"end":{"line":49,"column":5}},"line":38},"8":{"name":"(anonymous_8)","decl":{"start":{"line":52,"column":4},"end":{"line":52,"column":5}},"loc":{"start":{"line":52,"column":53},"end":{"line":64,"column":5}},"line":52},"9":{"name":"(anonymous_9)","decl":{"start":{"line":67,"column":4},"end":{"line":67,"column":5}},"loc":{"start":{"line":67,"column":32},"end":{"line":74,"column":5}},"line":67},"10":{"name":"(anonymous_10)","decl":{"start":{"line":77,"column":4},"end":{"line":77,"column":5}},"loc":{"start":{"line":77,"column":23},"end":{"line":82,"column":5}},"line":77},"11":{"name":"(anonymous_11)","decl":{"start":{"line":78,"column":57},"end":{"line":78,"column":58}},"loc":{"start":{"line":78,"column":79},"end":{"line":81,"column":9}},"line":78},"12":{"name":"(anonymous_12)","decl":{"start":{"line":85,"column":4},"end":{"line":85,"column":5}},"loc":{"start":{"line":85,"column":23},"end":{"line":87,"column":5}},"line":85}},"branchMap":{"0":{"loc":{"start":{"line":11,"column":16},"end":{"line":13,"column":17}},"type":"if","locations":[{"start":{"line":11,"column":16},"end":{"line":13,"column":17}},{"start":{},"end":{}}],"line":11},"1":{"loc":{"start":{"line":29,"column":8},"end":{"line":31,"column":9}},"type":"if","locations":[{"start":{"line":29,"column":8},"end":{"line":31,"column":9}},{"start":{},"end":{}}],"line":29},"2":{"loc":{"start":{"line":39,"column":8},"end":{"line":41,"column":9}},"type":"if","locations":[{"start":{"line":39,"column":8},"end":{"line":41,"column":9}},{"start":{},"end":{}}],"line":39},"3":{"loc":{"start":{"line":43,"column":8},"end":{"line":47,"column":9}},"type":"if","locations":[{"start":{"line":43,"column":8},"end":{"line":47,"column":9}},{"start":{},"end":{}}],"line":43},"4":{"loc":{"start":{"line":53,"column":8},"end":{"line":55,"column":9}},"type":"if","locations":[{"start":{"line":53,"column":8},"end":{"line":55,"column":9}},{"start":{},"end":{}}],"line":53},"5":{"loc":{"start":{"line":58,"column":8},"end":{"line":62,"column":9}},"type":"if","locations":[{"start":{"line":58,"column":8},"end":{"line":62,"column":9}},{"start":{},"end":{}}],"line":58},"6":{"loc":{"start":{"line":68,"column":8},"end":{"line":70,"column":9}},"type":"if","locations":[{"start":{"line":68,"column":8},"end":{"line":70,"column":9}},{"start":{},"end":{}}],"line":68},"7":{"loc":{"start":{"line":86,"column":15},"end":{"line":86,"column":46}},"type":"binary-expr","locations":[{"start":{"line":86,"column":15},"end":{"line":86,"column":40}},{"start":{"line":86,"column":44},"end":{"line":86,"column":46}}],"line":86}},"s":{"0":13,"1":13,"2":13,"3":0,"4":0,"5":0,"6":0,"7":0,"8":0,"9":0,"10":0,"11":0,"12":0,"13":0,"14":0,"15":0,"16":0,"17":0,"18":0,"19":0,"20":0,"21":0,"22":0,"23":0,"24":0,"25":0,"26":0,"27":0,"28":0,"29":0,"30":0,"31":0,"32":0,"33":0,"34":0,"35":0,"36":0,"37":0,"38":0},"f":{"0":13,"1":13,"2":13,"3":0,"4":0,"5":0,"6":0,"7":0,"8":0,"9":0,"10":0,"11":0,"12":0},"b":{"0":[0,0],"1":[0,0],"2":[0,0],"3":[0,0],"4":[0,0],"5":[0,0],"6":[0,0],"7":[0,0]},"_coverageSchema":"1a1c01bbd47fc00a2c39e90264f33305004495a9","hash":"d299543c470b8d28efbdcf8acc8b0a7123f79395"}
,"/Users/sandeshwarsharma/Workspace/Learning/SENSEXChromeExt/js/components/watchlistUI.js": {"path":"/Users/sandeshwarsharma/Workspace/Learning/SENSEXChromeExt/js/components/watchlistUI.js","statementMap":{"0":{"start":{"line":6,"column":8},"end":{"line":6,"column":42}},"1":{"start":{"line":7,"column":8},"end":{"line":7,"column":55}},"2":{"start":{"line":8,"column":8},"end":{"line":8,"column":33}},"3":{"start":{"line":9,"column":8},"end":{"line":9,"column":20}},"4":{"start":{"line":13,"column":8},"end":{"line":13,"column":53}},"5":{"start":{"line":14,"column":8},"end":{"line":14,"column":46}},"6":{"start":{"line":15,"column":8},"end":{"line":15,"column":30}},"7":{"start":{"line":16,"column":8},"end":{"line":16,"column":37}},"8":{"start":{"line":24,"column":8},"end":{"line":179,"column":11}},"9":{"start":{"line":26,"column":12},"end":{"line":31,"column":13}},"10":{"start":{"line":27,"column":16},"end":{"line":27,"column":66}},"11":{"start":{"line":28,"column":16},"end":{"line":28,"column":41}},"12":{"start":{"line":29,"column":16},"end":{"line":29,"column":26}},"13":{"start":{"line":30,"column":16},"end":{"line":30,"column":23}},"14":{"start":{"line":33,"column":12},"end":{"line":178,"column":15}},"15":{"start":{"line":34,"column":16},"end":{"line":177,"column":17}},"16":{"start":{"line":36,"column":20},"end":{"line":36,"column":45}},"17":{"start":{"line":38,"column":42},"end":{"line":38,"column":63}},"18":{"start":{"line":39,"column":20},"end":{"line":41,"column":21}},"19":{"start":{"line":40,"column":24},"end":{"line":40,"column":70}},"20":{"start":{"line":43,"column":20},"end":{"line":43,"column":86}},"21":{"start":{"line":45,"column":35},"end":{"line":45,"column":59}},"22":{"start":{"line":46,"column":20},"end":{"line":48,"column":21}},"23":{"start":{"line":47,"column":24},"end":{"line":47,"column":94}},"24":{"start":{"line":50,"column":39},"end":{"line":50,"column":40}},"25":{"start":{"line":51,"column":36},"end":{"line":51,"column":41}},"26":{"start":{"line":52,"column":36},"end":{"line":52,"column":40}},"27":{"start":{"line":54,"column":20},"end":{"line":170,"column":21}},"28":{"start":{"line":54,"column":42},"end":{"line":54,"column":43}},"29":{"start":{"line":55,"column":24},"end":{"line":169,"column":25}},"30":{"start":{"line":56,"column":47},"end":{"line":56,"column":68}},"31":{"start":{"line":57,"column":46},"end":{"line":57,"column":91}},"32":{"start":{"line":57,"column":63},"end":{"line":57,"column":81}},"33":{"start":{"line":59,"column":45},"end":{"line":64,"column":30}},"34":{"start":{"line":66,"column":28},"end":{"line":66,"column":52}},"35":{"start":{"line":68,"column":28},"end":{"line":70,"column":29}},"36":{"start":{"line":69,"column":32},"end":{"line":69,"column":90}},"37":{"start":{"line":72,"column":41},"end":{"line":72,"column":62}},"38":{"start":{"line":74,"column":28},"end":{"line":76,"column":29}},"39":{"start":{"line":75,"column":32},"end":{"line":75,"column":97}},"40":{"start":{"line":79,"column":28},"end":{"line":141,"column":31}},"41":{"start":{"line":80,"column":32},"end":{"line":80,"column":58}},"42":{"start":{"line":80,"column":51},"end":{"line":80,"column":58}},"43":{"start":{"line":82,"column":47},"end":{"line":82,"column":66}},"44":{"start":{"line":83,"column":32},"end":{"line":83,"column":64}},"45":{"start":{"line":83,"column":57},"end":{"line":83,"column":64}},"46":{"start":{"line":86,"column":49},"end":{"line":88,"column":65}},"47":{"start":{"line":90,"column":32},"end":{"line":90,"column":54}},"48":{"start":{"line":90,"column":47},"end":{"line":90,"column":54}},"49":{"start":{"line":92,"column":48},"end":{"line":92,"column":53}},"50":{"start":{"line":93,"column":49},"end":{"line":93,"column":69}},"51":{"start":{"line":94,"column":47},"end":{"line":94,"column":65}},"52":{"start":{"line":96,"column":32},"end":{"line":133,"column":33}},"53":{"start":{"line":98,"column":40},"end":{"line":98,"column":101}},"54":{"start":{"line":99,"column":40},"end":{"line":99,"column":46}},"55":{"start":{"line":101,"column":40},"end":{"line":101,"column":101}},"56":{"start":{"line":102,"column":40},"end":{"line":102,"column":46}},"57":{"start":{"line":105,"column":40},"end":{"line":106,"column":118}},"58":{"start":{"line":107,"column":40},"end":{"line":107,"column":46}},"59":{"start":{"line":110,"column":40},"end":{"line":111,"column":120}},"60":{"start":{"line":112,"column":40},"end":{"line":112,"column":46}},"61":{"start":{"line":115,"column":40},"end":{"line":116,"column":73}},"62":{"start":{"line":117,"column":40},"end":{"line":117,"column":46}},"63":{"start":{"line":119,"column":40},"end":{"line":119,"column":100}},"64":{"start":{"line":120,"column":40},"end":{"line":120,"column":46}},"65":{"start":{"line":122,"column":40},"end":{"line":122,"column":100}},"66":{"start":{"line":123,"column":40},"end":{"line":123,"column":46}},"67":{"start":{"line":125,"column":40},"end":{"line":125,"column":101}},"68":{"start":{"line":126,"column":40},"end":{"line":126,"column":46}},"69":{"start":{"line":128,"column":40},"end":{"line":128,"column":101}},"70":{"start":{"line":129,"column":40},"end":{"line":129,"column":46}},"71":{"start":{"line":131,"column":40},"end":{"line":131,"column":89}},"72":{"start":{"line":132,"column":40},"end":{"line":132,"column":46}},"73":{"start":{"line":135,"column":32},"end":{"line":140,"column":33}},"74":{"start":{"line":136,"column":36},"end":{"line":136,"column":61}},"75":{"start":{"line":137,"column":36},"end":{"line":139,"column":37}},"76":{"start":{"line":138,"column":40},"end":{"line":138,"column":122}},"77":{"start":{"line":143,"column":28},"end":{"line":146,"column":29}},"78":{"start":{"line":144,"column":32},"end":{"line":144,"column":70}},"79":{"start":{"line":145,"column":32},"end":{"line":145,"column":125}},"80":{"start":{"line":148,"column":28},"end":{"line":148,"column":87}},"81":{"start":{"line":149,"column":28},"end":{"line":149,"column":97}},"82":{"start":{"line":152,"column":28},"end":{"line":152,"column":34}},"83":{"start":{"line":155,"column":28},"end":{"line":155,"column":46}},"84":{"start":{"line":156,"column":28},"end":{"line":156,"column":94}},"85":{"start":{"line":158,"column":28},"end":{"line":160,"column":29}},"86":{"start":{"line":159,"column":32},"end":{"line":159,"column":67}},"87":{"start":{"line":163,"column":28},"end":{"line":165,"column":29}},"88":{"start":{"line":164,"column":32},"end":{"line":164,"column":44}},"89":{"start":{"line":168,"column":28},"end":{"line":168,"column":98}},"90":{"start":{"line":168,"column":51},"end":{"line":168,"column":96}},"91":{"start":{"line":172,"column":20},"end":{"line":172,"column":30}},"92":{"start":{"line":174,"column":20},"end":{"line":174,"column":85}},"93":{"start":{"line":175,"column":20},"end":{"line":175,"column":45}},"94":{"start":{"line":176,"column":20},"end":{"line":176,"column":30}},"95":{"start":{"line":183,"column":8},"end":{"line":195,"column":10}},"96":{"start":{"line":199,"column":27},"end":{"line":199,"column":67}},"97":{"start":{"line":200,"column":8},"end":{"line":202,"column":9}},"98":{"start":{"line":201,"column":12},"end":{"line":201,"column":98}},"99":{"start":{"line":203,"column":8},"end":{"line":203,"column":103}},"100":{"start":{"line":203,"column":53},"end":{"line":203,"column":92}},"101":{"start":{"line":207,"column":8},"end":{"line":225,"column":10}},"102":{"start":{"line":221,"column":61},"end":{"line":221,"column":90}},"103":{"start":{"line":229,"column":8},"end":{"line":236,"column":10}},"104":{"start":{"line":241,"column":8},"end":{"line":266,"column":11}},"105":{"start":{"line":242,"column":27},"end":{"line":242,"column":60}},"106":{"start":{"line":243,"column":12},"end":{"line":243,"column":32}},"107":{"start":{"line":243,"column":25},"end":{"line":243,"column":32}},"108":{"start":{"line":245,"column":27},"end":{"line":245,"column":48}},"109":{"start":{"line":246,"column":34},"end":{"line":246,"column":67}},"110":{"start":{"line":247,"column":34},"end":{"line":247,"column":61}},"111":{"start":{"line":249,"column":12},"end":{"line":265,"column":13}},"112":{"start":{"line":251,"column":20},"end":{"line":253,"column":21}},"113":{"start":{"line":252,"column":24},"end":{"line":252,"column":66}},"114":{"start":{"line":254,"column":20},"end":{"line":254,"column":26}},"115":{"start":{"line":256,"column":20},"end":{"line":258,"column":21}},"116":{"start":{"line":257,"column":24},"end":{"line":257,"column":92}},"117":{"start":{"line":259,"column":20},"end":{"line":259,"column":26}},"118":{"start":{"line":261,"column":20},"end":{"line":263,"column":21}},"119":{"start":{"line":262,"column":24},"end":{"line":262,"column":72}},"120":{"start":{"line":264,"column":20},"end":{"line":264,"column":26}},"121":{"start":{"line":269,"column":26},"end":{"line":269,"column":75}},"122":{"start":{"line":270,"column":8},"end":{"line":272,"column":9}},"123":{"start":{"line":271,"column":12},"end":{"line":271,"column":84}},"124":{"start":{"line":271,"column":54},"end":{"line":271,"column":82}},"125":{"start":{"line":276,"column":21},"end":{"line":276,"column":52}},"126":{"start":{"line":277,"column":8},"end":{"line":277,"column":26}},"127":{"start":{"line":277,"column":19},"end":{"line":277,"column":26}},"128":{"start":{"line":279,"column":8},"end":{"line":287,"column":9}},"129":{"start":{"line":280,"column":12},"end":{"line":280,"column":62}},"130":{"start":{"line":281,"column":39},"end":{"line":281,"column":91}},"131":{"start":{"line":282,"column":12},"end":{"line":284,"column":13}},"132":{"start":{"line":283,"column":16},"end":{"line":283,"column":71}},"133":{"start":{"line":286,"column":12},"end":{"line":286,"column":33}},"134":{"start":{"line":292,"column":30},"end":{"line":294,"column":10}},"135":{"start":{"line":293,"column":12},"end":{"line":293,"column":96}},"136":{"start":{"line":293,"column":65},"end":{"line":293,"column":94}},"137":{"start":{"line":296,"column":8},"end":{"line":299,"column":9}},"138":{"start":{"line":297,"column":12},"end":{"line":297,"column":70}},"139":{"start":{"line":298,"column":12},"end":{"line":298,"column":19}},"140":{"start":{"line":301,"column":8},"end":{"line":304,"column":9}},"141":{"start":{"line":302,"column":12},"end":{"line":302,"column":107}},"142":{"start":{"line":303,"column":12},"end":{"line":303,"column":19}},"143":{"start":{"line":306,"column":29},"end":{"line":306,"column":53}},"144":{"start":{"line":307,"column":23},"end":{"line":307,"column":52}},"145":{"start":{"line":308,"column":8},"end":{"line":308,"column":52}},"146":{"start":{"line":309,"column":8},"end":{"line":326,"column":10}},"147":{"start":{"line":316,"column":49},"end":{"line":320,"column":21}},"148":{"start":{"line":328,"column":8},"end":{"line":328,"column":42}},"149":{"start":{"line":330,"column":28},"end":{"line":330,"column":66}},"150":{"start":{"line":331,"column":28},"end":{"line":331,"column":65}},"151":{"start":{"line":334,"column":8},"end":{"line":334,"column":28}},"152":{"start":{"line":337,"column":8},"end":{"line":344,"column":11}},"153":{"start":{"line":338,"column":31},"end":{"line":338,"column":59}},"154":{"start":{"line":339,"column":26},"end":{"line":339,"column":70}},"155":{"start":{"line":340,"column":12},"end":{"line":343,"column":15}},"156":{"start":{"line":341,"column":31},"end":{"line":341,"column":50}},"157":{"start":{"line":342,"column":16},"end":{"line":342,"column":84}},"158":{"start":{"line":347,"column":8},"end":{"line":366,"column":11}},"159":{"start":{"line":348,"column":31},"end":{"line":348,"column":63}},"160":{"start":{"line":349,"column":12},"end":{"line":365,"column":13}},"161":{"start":{"line":350,"column":31},"end":{"line":350,"column":56}},"162":{"start":{"line":351,"column":16},"end":{"line":363,"column":17}},"163":{"start":{"line":352,"column":20},"end":{"line":352,"column":86}},"164":{"start":{"line":353,"column":42},"end":{"line":353,"column":119}},"165":{"start":{"line":354,"column":20},"end":{"line":360,"column":21}},"166":{"start":{"line":355,"column":40},"end":{"line":355,"column":89}},"167":{"start":{"line":356,"column":49},"end":{"line":356,"column":98}},"168":{"start":{"line":357,"column":24},"end":{"line":359,"column":80}},"169":{"start":{"line":358,"column":47},"end":{"line":358,"column":73}},"170":{"start":{"line":362,"column":20},"end":{"line":362,"column":41}},"171":{"start":{"line":364,"column":16},"end":{"line":364,"column":32}},"172":{"start":{"line":369,"column":28},"end":{"line":369,"column":49}},"173":{"start":{"line":369,"column":34},"end":{"line":369,"column":49}},"174":{"start":{"line":370,"column":8},"end":{"line":370,"column":86}},"175":{"start":{"line":371,"column":8},"end":{"line":373,"column":11}},"176":{"start":{"line":372,"column":12},"end":{"line":372,"column":51}},"177":{"start":{"line":372,"column":37},"end":{"line":372,"column":51}},"178":{"start":{"line":374,"column":8},"end":{"line":376,"column":11}},"179":{"start":{"line":375,"column":12},"end":{"line":375,"column":50}},"180":{"start":{"line":375,"column":36},"end":{"line":375,"column":50}},"181":{"start":{"line":379,"column":22},"end":{"line":379,"column":53}},"182":{"start":{"line":380,"column":8},"end":{"line":484,"column":10}},"183":{"start":{"line":485,"column":8},"end":{"line":485,"column":41}},"184":{"start":{"line":489,"column":8},"end":{"line":489,"column":65}},"185":{"start":{"line":489,"column":58},"end":{"line":489,"column":65}},"186":{"start":{"line":491,"column":8},"end":{"line":503,"column":9}},"187":{"start":{"line":492,"column":12},"end":{"line":492,"column":83}},"188":{"start":{"line":493,"column":34},"end":{"line":493,"column":111}},"189":{"start":{"line":494,"column":12},"end":{"line":500,"column":13}},"190":{"start":{"line":495,"column":32},"end":{"line":495,"column":81}},"191":{"start":{"line":496,"column":41},"end":{"line":496,"column":90}},"192":{"start":{"line":497,"column":16},"end":{"line":499,"column":72}},"193":{"start":{"line":498,"column":39},"end":{"line":498,"column":65}},"194":{"start":{"line":502,"column":12},"end":{"line":502,"column":33}},"195":{"start":{"line":507,"column":8},"end":{"line":507,"column":69}},"196":{"start":{"line":507,"column":62},"end":{"line":507,"column":69}},"197":{"start":{"line":509,"column":8},"end":{"line":521,"column":9}},"198":{"start":{"line":510,"column":12},"end":{"line":510,"column":71}},"199":{"start":{"line":511,"column":34},"end":{"line":511,"column":111}},"200":{"start":{"line":512,"column":12},"end":{"line":518,"column":13}},"201":{"start":{"line":513,"column":16},"end":{"line":513,"column":39}},"202":{"start":{"line":514,"column":43},"end":{"line":514,"column":95}},"203":{"start":{"line":515,"column":16},"end":{"line":517,"column":17}},"204":{"start":{"line":516,"column":20},"end":{"line":516,"column":130}},"205":{"start":{"line":520,"column":12},"end":{"line":520,"column":33}}},"fnMap":{"0":{"name":"(anonymous_0)","decl":{"start":{"line":5,"column":4},"end":{"line":5,"column":5}},"loc":{"start":{"line":5,"column":34},"end":{"line":10,"column":5}},"line":5},"1":{"name":"(anonymous_1)","decl":{"start":{"line":12,"column":4},"end":{"line":12,"column":5}},"loc":{"start":{"line":12,"column":17},"end":{"line":17,"column":5}},"line":12},"2":{"name":"(anonymous_2)","decl":{"start":{"line":23,"column":4},"end":{"line":23,"column":5}},"loc":{"start":{"line":23,"column":37},"end":{"line":180,"column":5}},"line":23},"3":{"name":"(anonymous_3)","decl":{"start":{"line":24,"column":27},"end":{"line":24,"column":28}},"loc":{"start":{"line":24,"column":40},"end":{"line":179,"column":9}},"line":24},"4":{"name":"(anonymous_4)","decl":{"start":{"line":33,"column":55},"end":{"line":33,"column":56}},"loc":{"start":{"line":33,"column":73},"end":{"line":178,"column":13}},"line":33},"5":{"name":"(anonymous_5)","decl":{"start":{"line":57,"column":57},"end":{"line":57,"column":58}},"loc":{"start":{"line":57,"column":63},"end":{"line":57,"column":81}},"line":57},"6":{"name":"(anonymous_6)","decl":{"start":{"line":79,"column":48},"end":{"line":79,"column":49}},"loc":{"start":{"line":79,"column":57},"end":{"line":141,"column":29}},"line":79},"7":{"name":"(anonymous_7)","decl":{"start":{"line":168,"column":46},"end":{"line":168,"column":47}},"loc":{"start":{"line":168,"column":51},"end":{"line":168,"column":96}},"line":168},"8":{"name":"(anonymous_8)","decl":{"start":{"line":182,"column":4},"end":{"line":182,"column":5}},"loc":{"start":{"line":182,"column":21},"end":{"line":196,"column":5}},"line":182},"9":{"name":"(anonymous_9)","decl":{"start":{"line":198,"column":4},"end":{"line":198,"column":5}},"loc":{"start":{"line":198,"column":23},"end":{"line":204,"column":5}},"line":198},"10":{"name":"(anonymous_10)","decl":{"start":{"line":203,"column":30},"end":{"line":203,"column":31}},"loc":{"start":{"line":203,"column":53},"end":{"line":203,"column":92}},"line":203},"11":{"name":"(anonymous_11)","decl":{"start":{"line":206,"column":4},"end":{"line":206,"column":5}},"loc":{"start":{"line":206,"column":39},"end":{"line":226,"column":5}},"line":206},"12":{"name":"(anonymous_12)","decl":{"start":{"line":221,"column":51},"end":{"line":221,"column":52}},"loc":{"start":{"line":221,"column":61},"end":{"line":221,"column":90}},"line":221},"13":{"name":"(anonymous_13)","decl":{"start":{"line":228,"column":4},"end":{"line":228,"column":5}},"loc":{"start":{"line":228,"column":29},"end":{"line":237,"column":5}},"line":228},"14":{"name":"(anonymous_14)","decl":{"start":{"line":239,"column":4},"end":{"line":239,"column":5}},"loc":{"start":{"line":239,"column":28},"end":{"line":273,"column":5}},"line":239},"15":{"name":"(anonymous_15)","decl":{"start":{"line":241,"column":49},"end":{"line":241,"column":50}},"loc":{"start":{"line":241,"column":62},"end":{"line":266,"column":9}},"line":241},"16":{"name":"(anonymous_16)","decl":{"start":{"line":271,"column":48},"end":{"line":271,"column":49}},"loc":{"start":{"line":271,"column":54},"end":{"line":271,"column":82}},"line":271},"17":{"name":"(anonymous_17)","decl":{"start":{"line":275,"column":4},"end":{"line":275,"column":5}},"loc":{"start":{"line":275,"column":34},"end":{"line":288,"column":5}},"line":275},"18":{"name":"(anonymous_18)","decl":{"start":{"line":290,"column":4},"end":{"line":290,"column":5}},"loc":{"start":{"line":290,"column":41},"end":{"line":486,"column":5}},"line":290},"19":{"name":"(anonymous_19)","decl":{"start":{"line":292,"column":48},"end":{"line":292,"column":49}},"loc":{"start":{"line":292,"column":59},"end":{"line":294,"column":9}},"line":292},"20":{"name":"(anonymous_20)","decl":{"start":{"line":293,"column":55},"end":{"line":293,"column":56}},"loc":{"start":{"line":293,"column":65},"end":{"line":293,"column":94}},"line":293},"21":{"name":"(anonymous_21)","decl":{"start":{"line":316,"column":39},"end":{"line":316,"column":40}},"loc":{"start":{"line":316,"column":49},"end":{"line":320,"column":21}},"line":316},"22":{"name":"(anonymous_22)","decl":{"start":{"line":337,"column":46},"end":{"line":337,"column":47}},"loc":{"start":{"line":337,"column":53},"end":{"line":344,"column":9}},"line":337},"23":{"name":"(anonymous_23)","decl":{"start":{"line":340,"column":26},"end":{"line":340,"column":27}},"loc":{"start":{"line":340,"column":34},"end":{"line":343,"column":13}},"line":340},"24":{"name":"(anonymous_24)","decl":{"start":{"line":347,"column":46},"end":{"line":347,"column":47}},"loc":{"start":{"line":347,"column":59},"end":{"line":366,"column":9}},"line":347},"25":{"name":"(anonymous_25)","decl":{"start":{"line":358,"column":40},"end":{"line":358,"column":41}},"loc":{"start":{"line":358,"column":47},"end":{"line":358,"column":73}},"line":358},"26":{"name":"(anonymous_26)","decl":{"start":{"line":369,"column":28},"end":{"line":369,"column":29}},"loc":{"start":{"line":369,"column":34},"end":{"line":369,"column":49}},"line":369},"27":{"name":"(anonymous_27)","decl":{"start":{"line":371,"column":41},"end":{"line":371,"column":42}},"loc":{"start":{"line":371,"column":48},"end":{"line":373,"column":9}},"line":371},"28":{"name":"(anonymous_28)","decl":{"start":{"line":374,"column":45},"end":{"line":374,"column":46}},"loc":{"start":{"line":374,"column":52},"end":{"line":376,"column":9}},"line":374},"29":{"name":"(anonymous_29)","decl":{"start":{"line":488,"column":4},"end":{"line":488,"column":5}},"loc":{"start":{"line":488,"column":52},"end":{"line":504,"column":5}},"line":488},"30":{"name":"(anonymous_30)","decl":{"start":{"line":498,"column":32},"end":{"line":498,"column":33}},"loc":{"start":{"line":498,"column":39},"end":{"line":498,"column":65}},"line":498},"31":{"name":"(anonymous_31)","decl":{"start":{"line":506,"column":4},"end":{"line":506,"column":5}},"loc":{"start":{"line":506,"column":47},"end":{"line":522,"column":5}},"line":506}},"branchMap":{"0":{"loc":{"start":{"line":26,"column":12},"end":{"line":31,"column":13}},"type":"if","locations":[{"start":{"line":26,"column":12},"end":{"line":31,"column":13}},{"start":{},"end":{}}],"line":26},"1":{"loc":{"start":{"line":26,"column":16},"end":{"line":26,"column":88}},"type":"binary-expr","locations":[{"start":{"line":26,"column":16},"end":{"line":26,"column":45}},{"start":{"line":26,"column":49},"end":{"line":26,"column":64}},{"start":{"line":26,"column":68},"end":{"line":26,"column":88}}],"line":26},"2":{"loc":{"start":{"line":39,"column":20},"end":{"line":41,"column":21}},"type":"if","locations":[{"start":{"line":39,"column":20},"end":{"line":41,"column":21}},{"start":{},"end":{}}],"line":39},"3":{"loc":{"start":{"line":46,"column":20},"end":{"line":48,"column":21}},"type":"if","locations":[{"start":{"line":46,"column":20},"end":{"line":48,"column":21}},{"start":{},"end":{}}],"line":46},"4":{"loc":{"start":{"line":46,"column":24},"end":{"line":46,"column":53}},"type":"binary-expr","locations":[{"start":{"line":46,"column":24},"end":{"line":46,"column":31}},{"start":{"line":46,"column":35},"end":{"line":46,"column":53}}],"line":46},"5":{"loc":{"start":{"line":68,"column":28},"end":{"line":70,"column":29}},"type":"if","locations":[{"start":{"line":68,"column":28},"end":{"line":70,"column":29}},{"start":{},"end":{}}],"line":68},"6":{"loc":{"start":{"line":74,"column":28},"end":{"line":76,"column":29}},"type":"if","locations":[{"start":{"line":74,"column":28},"end":{"line":76,"column":29}},{"start":{},"end":{}}],"line":74},"7":{"loc":{"start":{"line":74,"column":32},"end":{"line":74,"column":75}},"type":"binary-expr","locations":[{"start":{"line":74,"column":32},"end":{"line":74,"column":44}},{"start":{"line":74,"column":48},"end":{"line":74,"column":75}}],"line":74},"8":{"loc":{"start":{"line":80,"column":32},"end":{"line":80,"column":58}},"type":"if","locations":[{"start":{"line":80,"column":32},"end":{"line":80,"column":58}},{"start":{},"end":{}}],"line":80},"9":{"loc":{"start":{"line":83,"column":32},"end":{"line":83,"column":64}},"type":"if","locations":[{"start":{"line":83,"column":32},"end":{"line":83,"column":64}},{"start":{},"end":{}}],"line":83},"10":{"loc":{"start":{"line":86,"column":49},"end":{"line":88,"column":65}},"type":"binary-expr","locations":[{"start":{"line":86,"column":49},"end":{"line":86,"column":77}},{"start":{"line":87,"column":47},"end":{"line":87,"column":74}},{"start":{"line":88,"column":47},"end":{"line":88,"column":65}}],"line":86},"11":{"loc":{"start":{"line":90,"column":32},"end":{"line":90,"column":54}},"type":"if","locations":[{"start":{"line":90,"column":32},"end":{"line":90,"column":54}},{"start":{},"end":{}}],"line":90},"12":{"loc":{"start":{"line":93,"column":49},"end":{"line":93,"column":69}},"type":"binary-expr","locations":[{"start":{"line":93,"column":49},"end":{"line":93,"column":63}},{"start":{"line":93,"column":67},"end":{"line":93,"column":69}}],"line":93},"13":{"loc":{"start":{"line":94,"column":47},"end":{"line":94,"column":65}},"type":"binary-expr","locations":[{"start":{"line":94,"column":47},"end":{"line":94,"column":59}},{"start":{"line":94,"column":63},"end":{"line":94,"column":65}}],"line":94},"14":{"loc":{"start":{"line":96,"column":32},"end":{"line":133,"column":33}},"type":"switch","locations":[{"start":{"line":97,"column":36},"end":{"line":99,"column":46}},{"start":{"line":100,"column":36},"end":{"line":102,"column":46}},{"start":{"line":103,"column":36},"end":{"line":107,"column":46}},{"start":{"line":108,"column":36},"end":{"line":112,"column":46}},{"start":{"line":113,"column":36},"end":{"line":117,"column":46}},{"start":{"line":118,"column":36},"end":{"line":120,"column":46}},{"start":{"line":121,"column":36},"end":{"line":123,"column":46}},{"start":{"line":124,"column":36},"end":{"line":126,"column":46}},{"start":{"line":127,"column":36},"end":{"line":129,"column":46}},{"start":{"line":130,"column":36},"end":{"line":132,"column":46}}],"line":96},"15":{"loc":{"start":{"line":98,"column":52},"end":{"line":98,"column":100}},"type":"binary-expr","locations":[{"start":{"line":98,"column":52},"end":{"line":98,"column":74}},{"start":{"line":98,"column":78},"end":{"line":98,"column":100}}],"line":98},"16":{"loc":{"start":{"line":101,"column":52},"end":{"line":101,"column":100}},"type":"binary-expr","locations":[{"start":{"line":101,"column":52},"end":{"line":101,"column":74}},{"start":{"line":101,"column":78},"end":{"line":101,"column":100}}],"line":101},"17":{"loc":{"start":{"line":105,"column":52},"end":{"line":106,"column":117}},"type":"binary-expr","locations":[{"start":{"line":105,"column":53},"end":{"line":105,"column":74}},{"start":{"line":105,"column":78},"end":{"line":105,"column":99}},{"start":{"line":106,"column":51},"end":{"line":106,"column":90}},{"start":{"line":106,"column":94},"end":{"line":106,"column":116}}],"line":105},"18":{"loc":{"start":{"line":110,"column":52},"end":{"line":111,"column":119}},"type":"binary-expr","locations":[{"start":{"line":110,"column":53},"end":{"line":110,"column":74}},{"start":{"line":110,"column":78},"end":{"line":110,"column":99}},{"start":{"line":111,"column":51},"end":{"line":111,"column":92}},{"start":{"line":111,"column":96},"end":{"line":111,"column":118}}],"line":110},"19":{"loc":{"start":{"line":115,"column":52},"end":{"line":116,"column":72}},"type":"binary-expr","locations":[{"start":{"line":115,"column":53},"end":{"line":115,"column":74}},{"start":{"line":115,"column":78},"end":{"line":115,"column":99}},{"start":{"line":115,"column":103},"end":{"line":115,"column":124}},{"start":{"line":116,"column":50},"end":{"line":116,"column":72}}],"line":115},"20":{"loc":{"start":{"line":119,"column":52},"end":{"line":119,"column":99}},"type":"binary-expr","locations":[{"start":{"line":119,"column":52},"end":{"line":119,"column":73}},{"start":{"line":119,"column":77},"end":{"line":119,"column":99}}],"line":119},"21":{"loc":{"start":{"line":122,"column":52},"end":{"line":122,"column":99}},"type":"binary-expr","locations":[{"start":{"line":122,"column":52},"end":{"line":122,"column":73}},{"start":{"line":122,"column":77},"end":{"line":122,"column":99}}],"line":122},"22":{"loc":{"start":{"line":125,"column":52},"end":{"line":125,"column":100}},"type":"binary-expr","locations":[{"start":{"line":125,"column":52},"end":{"line":125,"column":74}},{"start":{"line":125,"column":78},"end":{"line":125,"column":100}}],"line":125},"23":{"loc":{"start":{"line":128,"column":52},"end":{"line":128,"column":100}},"type":"binary-expr","locations":[{"start":{"line":128,"column":52},"end":{"line":128,"column":74}},{"start":{"line":128,"column":78},"end":{"line":128,"column":100}}],"line":128},"24":{"loc":{"start":{"line":135,"column":32},"end":{"line":140,"column":33}},"type":"if","locations":[{"start":{"line":135,"column":32},"end":{"line":140,"column":33}},{"start":{},"end":{}}],"line":135},"25":{"loc":{"start":{"line":137,"column":36},"end":{"line":139,"column":37}},"type":"if","locations":[{"start":{"line":137,"column":36},"end":{"line":139,"column":37}},{"start":{},"end":{}}],"line":137},"26":{"loc":{"start":{"line":143,"column":28},"end":{"line":146,"column":29}},"type":"if","locations":[{"start":{"line":143,"column":28},"end":{"line":146,"column":29}},{"start":{},"end":{}}],"line":143},"27":{"loc":{"start":{"line":158,"column":28},"end":{"line":160,"column":29}},"type":"if","locations":[{"start":{"line":158,"column":28},"end":{"line":160,"column":29}},{"start":{},"end":{}}],"line":158},"28":{"loc":{"start":{"line":163,"column":28},"end":{"line":165,"column":29}},"type":"if","locations":[{"start":{"line":163,"column":28},"end":{"line":165,"column":29}},{"start":{},"end":{}}],"line":163},"29":{"loc":{"start":{"line":200,"column":8},"end":{"line":202,"column":9}},"type":"if","locations":[{"start":{"line":200,"column":8},"end":{"line":202,"column":9}},{"start":{},"end":{}}],"line":200},"30":{"loc":{"start":{"line":221,"column":22},"end":{"line":222,"column":75}},"type":"cond-expr","locations":[{"start":{"line":221,"column":39},"end":{"line":221,"column":100}},{"start":{"line":222,"column":24},"end":{"line":222,"column":75}}],"line":221},"31":{"loc":{"start":{"line":243,"column":12},"end":{"line":243,"column":32}},"type":"if","locations":[{"start":{"line":243,"column":12},"end":{"line":243,"column":32}},{"start":{},"end":{}}],"line":243},"32":{"loc":{"start":{"line":249,"column":12},"end":{"line":265,"column":13}},"type":"switch","locations":[{"start":{"line":250,"column":16},"end":{"line":254,"column":26}},{"start":{"line":255,"column":16},"end":{"line":259,"column":26}},{"start":{"line":260,"column":16},"end":{"line":264,"column":26}}],"line":249},"33":{"loc":{"start":{"line":251,"column":20},"end":{"line":253,"column":21}},"type":"if","locations":[{"start":{"line":251,"column":20},"end":{"line":253,"column":21}},{"start":{},"end":{}}],"line":251},"34":{"loc":{"start":{"line":256,"column":20},"end":{"line":258,"column":21}},"type":"if","locations":[{"start":{"line":256,"column":20},"end":{"line":258,"column":21}},{"start":{},"end":{}}],"line":256},"35":{"loc":{"start":{"line":256,"column":24},"end":{"line":256,"column":62}},"type":"binary-expr","locations":[{"start":{"line":256,"column":24},"end":{"line":256,"column":37}},{"start":{"line":256,"column":41},"end":{"line":256,"column":62}}],"line":256},"36":{"loc":{"start":{"line":261,"column":20},"end":{"line":263,"column":21}},"type":"if","locations":[{"start":{"line":261,"column":20},"end":{"line":263,"column":21}},{"start":{},"end":{}}],"line":261},"37":{"loc":{"start":{"line":270,"column":8},"end":{"line":272,"column":9}},"type":"if","locations":[{"start":{"line":270,"column":8},"end":{"line":272,"column":9}},{"start":{},"end":{}}],"line":270},"38":{"loc":{"start":{"line":277,"column":8},"end":{"line":277,"column":26}},"type":"if","locations":[{"start":{"line":277,"column":8},"end":{"line":277,"column":26}},{"start":{},"end":{}}],"line":277},"39":{"loc":{"start":{"line":282,"column":12},"end":{"line":284,"column":13}},"type":"if","locations":[{"start":{"line":282,"column":12},"end":{"line":284,"column":13}},{"start":{},"end":{}}],"line":282},"40":{"loc":{"start":{"line":296,"column":8},"end":{"line":299,"column":9}},"type":"if","locations":[{"start":{"line":296,"column":8},"end":{"line":299,"column":9}},{"start":{},"end":{}}],"line":296},"41":{"loc":{"start":{"line":301,"column":8},"end":{"line":304,"column":9}},"type":"if","locations":[{"start":{"line":301,"column":8},"end":{"line":304,"column":9}},{"start":{},"end":{}}],"line":301},"42":{"loc":{"start":{"line":342,"column":37},"end":{"line":342,"column":83}},"type":"cond-expr","locations":[{"start":{"line":342,"column":67},"end":{"line":342,"column":74}},{"start":{"line":342,"column":77},"end":{"line":342,"column":83}}],"line":342},"43":{"loc":{"start":{"line":349,"column":12},"end":{"line":365,"column":13}},"type":"if","locations":[{"start":{"line":349,"column":12},"end":{"line":365,"column":13}},{"start":{},"end":{}}],"line":349},"44":{"loc":{"start":{"line":354,"column":20},"end":{"line":360,"column":21}},"type":"if","locations":[{"start":{"line":354,"column":20},"end":{"line":360,"column":21}},{"start":{},"end":{}}],"line":354},"45":{"loc":{"start":{"line":357,"column":53},"end":{"line":359,"column":79}},"type":"cond-expr","locations":[{"start":{"line":358,"column":28},"end":{"line":358,"column":83}},{"start":{"line":359,"column":28},"end":{"line":359,"column":79}}],"line":357},"46":{"loc":{"start":{"line":372,"column":12},"end":{"line":372,"column":51}},"type":"if","locations":[{"start":{"line":372,"column":12},"end":{"line":372,"column":51}},{"start":{},"end":{}}],"line":372},"47":{"loc":{"start":{"line":375,"column":12},"end":{"line":375,"column":50}},"type":"if","locations":[{"start":{"line":375,"column":12},"end":{"line":375,"column":50}},{"start":{},"end":{}}],"line":375},"48":{"loc":{"start":{"line":489,"column":8},"end":{"line":489,"column":65}},"type":"if","locations":[{"start":{"line":489,"column":8},"end":{"line":489,"column":65}},{"start":{},"end":{}}],"line":489},"49":{"loc":{"start":{"line":494,"column":12},"end":{"line":500,"column":13}},"type":"if","locations":[{"start":{"line":494,"column":12},"end":{"line":500,"column":13}},{"start":{},"end":{}}],"line":494},"50":{"loc":{"start":{"line":497,"column":45},"end":{"line":499,"column":71}},"type":"cond-expr","locations":[{"start":{"line":498,"column":20},"end":{"line":498,"column":75}},{"start":{"line":499,"column":20},"end":{"line":499,"column":71}}],"line":497},"51":{"loc":{"start":{"line":507,"column":8},"end":{"line":507,"column":69}},"type":"if","locations":[{"start":{"line":507,"column":8},"end":{"line":507,"column":69}},{"start":{},"end":{}}],"line":507},"52":{"loc":{"start":{"line":512,"column":12},"end":{"line":518,"column":13}},"type":"if","locations":[{"start":{"line":512,"column":12},"end":{"line":518,"column":13}},{"start":{},"end":{}}],"line":512},"53":{"loc":{"start":{"line":515,"column":16},"end":{"line":517,"column":17}},"type":"if","locations":[{"start":{"line":515,"column":16},"end":{"line":517,"column":17}},{"start":{},"end":{}}],"line":515},"54":{"loc":{"start":{"line":515,"column":20},"end":{"line":515,"column":77}},"type":"binary-expr","locations":[{"start":{"line":515,"column":20},"end":{"line":515,"column":38}},{"start":{"line":515,"column":42},"end":{"line":515,"column":77}}],"line":515}},"s":{"0":13,"1":13,"2":13,"3":13,"4":13,"5":0,"6":0,"7":0,"8":12,"9":12,"10":1,"11":1,"12":1,"13":1,"14":11,"15":4,"16":4,"17":4,"18":4,"19":1,"20":3,"21":3,"22":3,"23":1,"24":2,"25":2,"26":2,"27":2,"28":2,"29":2,"30":2,"31":2,"32":0,"33":2,"34":2,"35":2,"36":0,"37":2,"38":2,"39":0,"40":2,"41":5,"42":0,"43":5,"44":5,"45":0,"46":5,"47":5,"48":0,"49":5,"50":5,"51":5,"52":5,"53":0,"54":0,"55":3,"56":3,"57":2,"58":2,"59":0,"60":0,"61":0,"62":0,"63":0,"64":0,"65":0,"66":0,"67":0,"68":0,"69":0,"70":0,"71":0,"72":0,"73":5,"74":3,"75":3,"76":3,"77":2,"78":0,"79":0,"80":2,"81":2,"82":2,"83":0,"84":0,"85":0,"86":0,"87":0,"88":0,"89":0,"90":0,"91":2,"92":2,"93":2,"94":2,"95":0,"96":0,"97":0,"98":0,"99":0,"100":0,"101":0,"102":0,"103":0,"104":1,"105":0,"106":0,"107":0,"108":0,"109":0,"110":0,"111":0,"112":0,"113":0,"114":0,"115":0,"116":0,"117":0,"118":0,"119":0,"120":0,"121":1,"122":1,"123":0,"124":0,"125":0,"126":0,"127":0,"128":0,"129":0,"130":0,"131":0,"132":0,"133":0,"134":0,"135":0,"136":0,"137":0,"138":0,"139":0,"140":0,"141":0,"142":0,"143":0,"144":0,"145":0,"146":0,"147":0,"148":0,"149":0,"150":0,"151":0,"152":0,"153":0,"154":0,"155":0,"156":0,"157":0,"158":0,"159":0,"160":0,"161":0,"162":0,"163":0,"164":0,"165":0,"166":0,"167":0,"168":0,"169":0,"170":0,"171":0,"172":0,"173":0,"174":0,"175":0,"176":0,"177":0,"178":0,"179":0,"180":0,"181":0,"182":0,"183":0,"184":0,"185":0,"186":0,"187":0,"188":0,"189":0,"190":0,"191":0,"192":0,"193":0,"194":0,"195":0,"196":0,"197":0,"198":0,"199":0,"200":0,"201":0,"202":0,"203":0,"204":0,"205":0},"f":{"0":13,"1":13,"2":12,"3":12,"4":4,"5":0,"6":5,"7":0,"8":0,"9":0,"10":0,"11":0,"12":0,"13":0,"14":1,"15":0,"16":0,"17":0,"18":0,"19":0,"20":0,"21":0,"22":0,"23":0,"24":0,"25":0,"26":0,"27":0,"28":0,"29":0,"30":0,"31":0},"b":{"0":[1,11],"1":[12,11,11],"2":[1,3],"3":[1,2],"4":[3,2],"5":[0,2],"6":[0,2],"7":[2,2],"8":[0,5],"9":[0,5],"10":[5,0,0],"11":[0,5],"12":[5,0],"13":[5,0],"14":[0,3,2,0,0,0,0,0,0,0],"15":[0,0],"16":[3,1],"17":[2,0,2,0],"18":[0,0,0,0],"19":[0,0,0,0],"20":[0,0],"21":[0,0],"22":[0,0],"23":[0,0],"24":[3,2],"25":[3,0],"26":[0,2],"27":[0,0],"28":[0,0],"29":[0,0],"30":[0,0],"31":[0,0],"32":[0,0,0],"33":[0,0],"34":[0,0],"35":[0,0],"36":[0,0],"37":[0,1],"38":[0,0],"39":[0,0],"40":[0,0],"41":[0,0],"42":[0,0],"43":[0,0],"44":[0,0],"45":[0,0],"46":[0,0],"47":[0,0],"48":[0,0],"49":[0,0],"50":[0,0],"51":[0,0],"52":[0,0],"53":[0,0],"54":[0,0]},"_coverageSchema":"1a1c01bbd47fc00a2c39e90264f33305004495a9","hash":"fa6a44eb4a9a8e5924d153534bc8bfc432ea2f02"}
,"/Users/sandeshwarsharma/Workspace/Learning/SENSEXChromeExt/js/config/markets.js": {"path":"/Users/sandeshwarsharma/Workspace/Learning/SENSEXChromeExt/js/config/markets.js","statementMap":{"0":{"start":{"line":1,"column":33},"end":{"line":7,"column":1}},"1":{"start":{"line":9,"column":23},"end":{"line":126,"column":1}}},"fnMap":{},"branchMap":{},"s":{"0":1,"1":1},"f":{},"b":{},"_coverageSchema":"1a1c01bbd47fc00a2c39e90264f33305004495a9","hash":"37ff1b0e0c651b8ce97bb920f06310b428a5355d"}
,"/Users/sandeshwarsharma/Workspace/Learning/SENSEXChromeExt/js/utils/dateUtils.js": {"path":"/Users/sandeshwarsharma/Workspace/Learning/SENSEXChromeExt/js/utils/dateUtils.js","statementMap":{"0":{"start":{"line":2,"column":4},"end":{"line":11,"column":5}},"1":{"start":{"line":3,"column":21},"end":{"line":3,"column":31}},"2":{"start":{"line":5,"column":27},"end":{"line":5,"column":89}},"3":{"start":{"line":6,"column":8},"end":{"line":6,"column":26}},"4":{"start":{"line":8,"column":8},"end":{"line":8,"column":59}},"5":{"start":{"line":10,"column":8},"end":{"line":10,"column":26}},"6":{"start":{"line":15,"column":4},"end":{"line":18,"column":5}},"7":{"start":{"line":16,"column":8},"end":{"line":16,"column":67}},"8":{"start":{"line":17,"column":8},"end":{"line":17,"column":20}},"9":{"start":{"line":20,"column":23},"end":{"line":20,"column":53}},"10":{"start":{"line":21,"column":16},"end":{"line":21,"column":35}},"11":{"start":{"line":22,"column":18},"end":{"line":22,"column":39}},"12":{"start":{"line":23,"column":20},"end":{"line":23,"column":43}},"13":{"start":{"line":26,"column":4},"end":{"line":35,"column":5}},"14":{"start":{"line":27,"column":32},"end":{"line":27,"column":45}},"15":{"start":{"line":28,"column":25},"end":{"line":28,"column":45}},"16":{"start":{"line":29,"column":8},"end":{"line":29,"column":63}},"17":{"start":{"line":30,"column":8},"end":{"line":30,"column":64}},"18":{"start":{"line":31,"column":8},"end":{"line":31,"column":54}},"19":{"start":{"line":33,"column":21},"end":{"line":33,"column":42}},"20":{"start":{"line":34,"column":8},"end":{"line":34,"column":42}},"21":{"start":{"line":38,"column":24},"end":{"line":38,"column":45}},"22":{"start":{"line":39,"column":4},"end":{"line":44,"column":5}},"23":{"start":{"line":40,"column":25},"end":{"line":40,"column":45}},"24":{"start":{"line":41,"column":8},"end":{"line":41,"column":64}},"25":{"start":{"line":42,"column":8},"end":{"line":42,"column":54}},"26":{"start":{"line":43,"column":8},"end":{"line":43,"column":59}},"27":{"start":{"line":47,"column":4},"end":{"line":53,"column":5}},"28":{"start":{"line":48,"column":25},"end":{"line":48,"column":45}},"29":{"start":{"line":49,"column":8},"end":{"line":49,"column":49}},"30":{"start":{"line":50,"column":8},"end":{"line":50,"column":64}},"31":{"start":{"line":51,"column":8},"end":{"line":51,"column":54}},"32":{"start":{"line":52,"column":8},"end":{"line":52,"column":59}},"33":{"start":{"line":55,"column":4},"end":{"line":55,"column":16}},"34":{"start":{"line":59,"column":17},"end":{"line":59,"column":55}},"35":{"start":{"line":60,"column":18},"end":{"line":60,"column":77}},"36":{"start":{"line":61,"column":20},"end":{"line":61,"column":69}},"37":{"start":{"line":63,"column":18},"end":{"line":63,"column":20}},"38":{"start":{"line":64,"column":4},"end":{"line":64,"column":41}},"39":{"start":{"line":64,"column":18},"end":{"line":64,"column":41}},"40":{"start":{"line":65,"column":4},"end":{"line":65,"column":43}},"41":{"start":{"line":65,"column":19},"end":{"line":65,"column":43}},"42":{"start":{"line":66,"column":4},"end":{"line":66,"column":47}},"43":{"start":{"line":66,"column":21},"end":{"line":66,"column":47}},"44":{"start":{"line":68,"column":4},"end":{"line":68,"column":27}},"45":{"start":{"line":72,"column":4},"end":{"line":75,"column":5}},"46":{"start":{"line":73,"column":8},"end":{"line":73,"column":67}},"47":{"start":{"line":74,"column":8},"end":{"line":74,"column":21}},"48":{"start":{"line":77,"column":23},"end":{"line":77,"column":53}},"49":{"start":{"line":78,"column":16},"end":{"line":78,"column":35}},"50":{"start":{"line":79,"column":18},"end":{"line":79,"column":39}},"51":{"start":{"line":80,"column":20},"end":{"line":80,"column":43}},"52":{"start":{"line":81,"column":24},"end":{"line":81,"column":45}},"53":{"start":{"line":84,"column":4},"end":{"line":86,"column":5}},"54":{"start":{"line":85,"column":8},"end":{"line":85,"column":21}},"55":{"start":{"line":89,"column":4},"end":{"line":89,"column":80}}},"fnMap":{"0":{"name":"getMarketTime","decl":{"start":{"line":1,"column":16},"end":{"line":1,"column":29}},"loc":{"start":{"line":1,"column":40},"end":{"line":12,"column":1}},"line":1},"1":{"name":"calculateTimeUntilOpen","decl":{"start":{"line":14,"column":16},"end":{"line":14,"column":38}},"loc":{"start":{"line":14,"column":47},"end":{"line":56,"column":1}},"line":14},"2":{"name":"formatTimeDifference","decl":{"start":{"line":58,"column":16},"end":{"line":58,"column":36}},"loc":{"start":{"line":58,"column":41},"end":{"line":69,"column":1}},"line":58},"3":{"name":"isMarketOpen","decl":{"start":{"line":71,"column":16},"end":{"line":71,"column":28}},"loc":{"start":{"line":71,"column":37},"end":{"line":90,"column":1}},"line":71}},"branchMap":{"0":{"loc":{"start":{"line":15,"column":4},"end":{"line":18,"column":5}},"type":"if","locations":[{"start":{"line":15,"column":4},"end":{"line":18,"column":5}},{"start":{},"end":{}}],"line":15},"1":{"loc":{"start":{"line":26,"column":4},"end":{"line":35,"column":5}},"type":"if","locations":[{"start":{"line":26,"column":4},"end":{"line":35,"column":5}},{"start":{},"end":{}}],"line":26},"2":{"loc":{"start":{"line":39,"column":4},"end":{"line":44,"column":5}},"type":"if","locations":[{"start":{"line":39,"column":4},"end":{"line":44,"column":5}},{"start":{},"end":{}}],"line":39},"3":{"loc":{"start":{"line":47,"column":4},"end":{"line":53,"column":5}},"type":"if","locations":[{"start":{"line":47,"column":4},"end":{"line":53,"column":5}},{"start":{},"end":{}}],"line":47},"4":{"loc":{"start":{"line":64,"column":4},"end":{"line":64,"column":41}},"type":"if","locations":[{"start":{"line":64,"column":4},"end":{"line":64,"column":41}},{"start":{},"end":{}}],"line":64},"5":{"loc":{"start":{"line":65,"column":4},"end":{"line":65,"column":43}},"type":"if","locations":[{"start":{"line":65,"column":4},"end":{"line":65,"column":43}},{"start":{},"end":{}}],"line":65},"6":{"loc":{"start":{"line":66,"column":4},"end":{"line":66,"column":47}},"type":"if","locations":[{"start":{"line":66,"column":4},"end":{"line":66,"column":47}},{"start":{},"end":{}}],"line":66},"7":{"loc":{"start":{"line":72,"column":4},"end":{"line":75,"column":5}},"type":"if","locations":[{"start":{"line":72,"column":4},"end":{"line":75,"column":5}},{"start":{},"end":{}}],"line":72},"8":{"loc":{"start":{"line":84,"column":4},"end":{"line":86,"column":5}},"type":"if","locations":[{"start":{"line":84,"column":4},"end":{"line":86,"column":5}},{"start":{},"end":{}}],"line":84},"9":{"loc":{"start":{"line":89,"column":11},"end":{"line":89,"column":79}},"type":"binary-expr","locations":[{"start":{"line":89,"column":11},"end":{"line":89,"column":44}},{"start":{"line":89,"column":48},"end":{"line":89,"column":79}}],"line":89}},"s":{"0":0,"1":0,"2":0,"3":0,"4":0,"5":0,"6":0,"7":0,"8":0,"9":0,"10":0,"11":0,"12":0,"13":0,"14":0,"15":0,"16":0,"17":0,"18":0,"19":0,"20":0,"21":0,"22":0,"23":0,"24":0,"25":0,"26":0,"27":0,"28":0,"29":0,"30":0,"31":0,"32":0,"33":0,"34":0,"35":0,"36":0,"37":0,"38":0,"39":0,"40":0,"41":0,"42":0,"43":0,"44":0,"45":0,"46":0,"47":0,"48":0,"49":0,"50":0,"51":0,"52":0,"53":0,"54":0,"55":0},"f":{"0":0,"1":0,"2":0,"3":0},"b":{"0":[0,0],"1":[0,0],"2":[0,0],"3":[0,0],"4":[0,0],"5":[0,0],"6":[0,0],"7":[0,0],"8":[0,0],"9":[0,0]}}
,"/Users/sandeshwarsharma/Workspace/Learning/SENSEXChromeExt/js/utils/marketUtils.js": {"path":"/Users/sandeshwarsharma/Workspace/Learning/SENSEXChromeExt/js/utils/marketUtils.js","statementMap":{"0":{"start":{"line":5,"column":4},"end":{"line":8,"column":5}},"1":{"start":{"line":6,"column":8},"end":{"line":6,"column":58}},"2":{"start":{"line":7,"column":8},"end":{"line":7,"column":20}},"3":{"start":{"line":10,"column":19},"end":{"line":10,"column":37}},"4":{"start":{"line":11,"column":19},"end":{"line":11,"column":39}},"5":{"start":{"line":13,"column":4},"end":{"line":59,"column":5}},"6":{"start":{"line":15,"column":23},"end":{"line":15,"column":36}},"7":{"start":{"line":16,"column":20},"end":{"line":16,"column":142}},"8":{"start":{"line":18,"column":25},"end":{"line":24,"column":10}},"9":{"start":{"line":26,"column":8},"end":{"line":28,"column":9}},"10":{"start":{"line":27,"column":12},"end":{"line":27,"column":70}},"11":{"start":{"line":30,"column":21},"end":{"line":30,"column":42}},"12":{"start":{"line":31,"column":8},"end":{"line":33,"column":9}},"13":{"start":{"line":32,"column":12},"end":{"line":32,"column":51}},"14":{"start":{"line":35,"column":23},"end":{"line":35,"column":43}},"15":{"start":{"line":36,"column":21},"end":{"line":36,"column":32}},"16":{"start":{"line":37,"column":35},"end":{"line":37,"column":58}},"17":{"start":{"line":38,"column":30},"end":{"line":38,"column":75}},"18":{"start":{"line":39,"column":34},"end":{"line":39,"column":56}},"19":{"start":{"line":42,"column":22},"end":{"line":42,"column":107}},"20":{"start":{"line":43,"column":26},"end":{"line":43,"column":50}},"21":{"start":{"line":45,"column":8},"end":{"line":47,"column":9}},"22":{"start":{"line":46,"column":12},"end":{"line":46,"column":50}},"23":{"start":{"line":49,"column":8},"end":{"line":55,"column":10}},"24":{"start":{"line":57,"column":8},"end":{"line":57,"column":61}},"25":{"start":{"line":58,"column":8},"end":{"line":58,"column":20}},"26":{"start":{"line":63,"column":4},"end":{"line":66,"column":5}},"27":{"start":{"line":64,"column":8},"end":{"line":64,"column":54}},"28":{"start":{"line":65,"column":8},"end":{"line":65,"column":21}},"29":{"start":{"line":68,"column":19},"end":{"line":68,"column":39}},"30":{"start":{"line":69,"column":26},"end":{"line":69,"column":64}},"31":{"start":{"line":71,"column":4},"end":{"line":74,"column":5}},"32":{"start":{"line":72,"column":8},"end":{"line":72,"column":50}},"33":{"start":{"line":73,"column":8},"end":{"line":73,"column":22}},"34":{"start":{"line":77,"column":4},"end":{"line":77,"column":33}},"35":{"start":{"line":79,"column":4},"end":{"line":79,"column":18}},"36":{"start":{"line":83,"column":4},"end":{"line":105,"column":5}},"37":{"start":{"line":84,"column":8},"end":{"line":87,"column":9}},"38":{"start":{"line":85,"column":12},"end":{"line":85,"column":67}},"39":{"start":{"line":86,"column":12},"end":{"line":86,"column":25}},"40":{"start":{"line":89,"column":27},"end":{"line":89,"column":57}},"41":{"start":{"line":90,"column":8},"end":{"line":93,"column":9}},"42":{"start":{"line":91,"column":12},"end":{"line":91,"column":58}},"43":{"start":{"line":92,"column":12},"end":{"line":92,"column":25}},"44":{"start":{"line":95,"column":20},"end":{"line":95,"column":39}},"45":{"start":{"line":96,"column":8},"end":{"line":98,"column":9}},"46":{"start":{"line":97,"column":12},"end":{"line":97,"column":25}},"47":{"start":{"line":100,"column":28},"end":{"line":100,"column":81}},"48":{"start":{"line":101,"column":8},"end":{"line":101,"column":84}},"49":{"start":{"line":103,"column":8},"end":{"line":103,"column":62}},"50":{"start":{"line":104,"column":8},"end":{"line":104,"column":21}},"51":{"start":{"line":109,"column":4},"end":{"line":153,"column":5}},"52":{"start":{"line":110,"column":8},"end":{"line":112,"column":9}},"53":{"start":{"line":111,"column":12},"end":{"line":111,"column":29}},"54":{"start":{"line":114,"column":27},"end":{"line":114,"column":57}},"55":{"start":{"line":115,"column":8},"end":{"line":117,"column":9}},"56":{"start":{"line":116,"column":12},"end":{"line":116,"column":29}},"57":{"start":{"line":119,"column":20},"end":{"line":119,"column":39}},"58":{"start":{"line":120,"column":28},"end":{"line":120,"column":81}},"59":{"start":{"line":123,"column":8},"end":{"line":131,"column":9}},"60":{"start":{"line":125,"column":16},"end":{"line":126,"column":70}},"61":{"start":{"line":128,"column":26},"end":{"line":128,"column":59}},"62":{"start":{"line":129,"column":28},"end":{"line":129,"column":49}},"63":{"start":{"line":130,"column":12},"end":{"line":130,"column":43}},"64":{"start":{"line":134,"column":22},"end":{"line":134,"column":25}},"65":{"start":{"line":135,"column":24},"end":{"line":135,"column":25}},"66":{"start":{"line":137,"column":8},"end":{"line":143,"column":9}},"67":{"start":{"line":138,"column":12},"end":{"line":138,"column":40}},"68":{"start":{"line":139,"column":12},"end":{"line":141,"column":13}},"69":{"start":{"line":140,"column":16},"end":{"line":140,"column":22}},"70":{"start":{"line":142,"column":12},"end":{"line":142,"column":24}},"71":{"start":{"line":145,"column":8},"end":{"line":147,"column":9}},"72":{"start":{"line":146,"column":12},"end":{"line":146,"column":29}},"73":{"start":{"line":149,"column":8},"end":{"line":149,"column":61}},"74":{"start":{"line":151,"column":8},"end":{"line":151,"column":67}},"75":{"start":{"line":152,"column":8},"end":{"line":152,"column":25}}},"fnMap":{"0":{"name":"fetchMarketValue","decl":{"start":{"line":4,"column":22},"end":{"line":4,"column":38}},"loc":{"start":{"line":4,"column":76},"end":{"line":60,"column":1}},"line":4},"1":{"name":"updateMarketStatus","decl":{"start":{"line":62,"column":16},"end":{"line":62,"column":34}},"loc":{"start":{"line":62,"column":43},"end":{"line":80,"column":1}},"line":62},"2":{"name":"isMarketOpen","decl":{"start":{"line":82,"column":16},"end":{"line":82,"column":28}},"loc":{"start":{"line":82,"column":37},"end":{"line":106,"column":1}},"line":82},"3":{"name":"calculateTimeUntilOpen","decl":{"start":{"line":108,"column":16},"end":{"line":108,"column":38}},"loc":{"start":{"line":108,"column":47},"end":{"line":154,"column":1}},"line":108}},"branchMap":{"0":{"loc":{"start":{"line":4,"column":50},"end":{"line":4,"column":74}},"type":"default-arg","locations":[{"start":{"line":4,"column":69},"end":{"line":4,"column":74}}],"line":4},"1":{"loc":{"start":{"line":5,"column":4},"end":{"line":8,"column":5}},"type":"if","locations":[{"start":{"line":5,"column":4},"end":{"line":8,"column":5}},{"start":{},"end":{}}],"line":5},"2":{"loc":{"start":{"line":26,"column":8},"end":{"line":28,"column":9}},"type":"if","locations":[{"start":{"line":26,"column":8},"end":{"line":28,"column":9}},{"start":{},"end":{}}],"line":26},"3":{"loc":{"start":{"line":31,"column":8},"end":{"line":33,"column":9}},"type":"if","locations":[{"start":{"line":31,"column":8},"end":{"line":33,"column":9}},{"start":{},"end":{}}],"line":31},"4":{"loc":{"start":{"line":38,"column":30},"end":{"line":38,"column":75}},"type":"binary-expr","locations":[{"start":{"line":38,"column":30},"end":{"line":38,"column":48}},{"start":{"line":38,"column":52},"end":{"line":38,"column":75}}],"line":38},"5":{"loc":{"start":{"line":42,"column":22},"end":{"line":42,"column":107}},"type":"cond-expr","locations":[{"start":{"line":42,"column":41},"end":{"line":42,"column":59}},{"start":{"line":42,"column":63},"end":{"line":42,"column":106}}],"line":42},"6":{"loc":{"start":{"line":42,"column":63},"end":{"line":42,"column":106}},"type":"cond-expr","locations":[{"start":{"line":42,"column":72},"end":{"line":42,"column":90}},{"start":{"line":42,"column":93},"end":{"line":42,"column":106}}],"line":42},"7":{"loc":{"start":{"line":45,"column":8},"end":{"line":47,"column":9}},"type":"if","locations":[{"start":{"line":45,"column":8},"end":{"line":47,"column":9}},{"start":{},"end":{}}],"line":45},"8":{"loc":{"start":{"line":63,"column":4},"end":{"line":66,"column":5}},"type":"if","locations":[{"start":{"line":63,"column":4},"end":{"line":66,"column":5}},{"start":{},"end":{}}],"line":63},"9":{"loc":{"start":{"line":71,"column":4},"end":{"line":74,"column":5}},"type":"if","locations":[{"start":{"line":71,"column":4},"end":{"line":74,"column":5}},{"start":{},"end":{}}],"line":71},"10":{"loc":{"start":{"line":84,"column":8},"end":{"line":87,"column":9}},"type":"if","locations":[{"start":{"line":84,"column":8},"end":{"line":87,"column":9}},{"start":{},"end":{}}],"line":84},"11":{"loc":{"start":{"line":84,"column":12},"end":{"line":84,"column":47}},"type":"binary-expr","locations":[{"start":{"line":84,"column":12},"end":{"line":84,"column":29}},{"start":{"line":84,"column":33},"end":{"line":84,"column":47}}],"line":84},"12":{"loc":{"start":{"line":90,"column":8},"end":{"line":93,"column":9}},"type":"if","locations":[{"start":{"line":90,"column":8},"end":{"line":93,"column":9}},{"start":{},"end":{}}],"line":90},"13":{"loc":{"start":{"line":96,"column":8},"end":{"line":98,"column":9}},"type":"if","locations":[{"start":{"line":96,"column":8},"end":{"line":98,"column":9}},{"start":{},"end":{}}],"line":96},"14":{"loc":{"start":{"line":101,"column":15},"end":{"line":101,"column":83}},"type":"binary-expr","locations":[{"start":{"line":101,"column":15},"end":{"line":101,"column":48}},{"start":{"line":101,"column":52},"end":{"line":101,"column":83}}],"line":101},"15":{"loc":{"start":{"line":110,"column":8},"end":{"line":112,"column":9}},"type":"if","locations":[{"start":{"line":110,"column":8},"end":{"line":112,"column":9}},{"start":{},"end":{}}],"line":110},"16":{"loc":{"start":{"line":110,"column":12},"end":{"line":110,"column":47}},"type":"binary-expr","locations":[{"start":{"line":110,"column":12},"end":{"line":110,"column":29}},{"start":{"line":110,"column":33},"end":{"line":110,"column":47}}],"line":110},"17":{"loc":{"start":{"line":115,"column":8},"end":{"line":117,"column":9}},"type":"if","locations":[{"start":{"line":115,"column":8},"end":{"line":117,"column":9}},{"start":{},"end":{}}],"line":115},"18":{"loc":{"start":{"line":123,"column":8},"end":{"line":131,"column":9}},"type":"if","locations":[{"start":{"line":123,"column":8},"end":{"line":131,"column":9}},{"start":{},"end":{}}],"line":123},"19":{"loc":{"start":{"line":123,"column":12},"end":{"line":123,"column":77}},"type":"binary-expr","locations":[{"start":{"line":123,"column":12},"end":{"line":123,"column":41}},{"start":{"line":123,"column":45},"end":{"line":123,"column":77}}],"line":123},"20":{"loc":{"start":{"line":139,"column":12},"end":{"line":141,"column":13}},"type":"if","locations":[{"start":{"line":139,"column":12},"end":{"line":141,"column":13}},{"start":{},"end":{}}],"line":139},"21":{"loc":{"start":{"line":145,"column":8},"end":{"line":147,"column":9}},"type":"if","locations":[{"start":{"line":145,"column":8},"end":{"line":147,"column":9}},{"start":{},"end":{}}],"line":145},"22":{"loc":{"start":{"line":149,"column":34},"end":{"line":149,"column":58}},"type":"cond-expr","locations":[{"start":{"line":149,"column":50},"end":{"line":149,"column":53}},{"start":{"line":149,"column":56},"end":{"line":149,"column":58}}],"line":149}},"s":{"0":0,"1":0,"2":0,"3":0,"4":0,"5":0,"6":0,"7":0,"8":0,"9":0,"10":0,"11":0,"12":0,"13":0,"14":0,"15":0,"16":0,"17":0,"18":0,"19":0,"20":0,"21":0,"22":0,"23":0,"24":0,"25":0,"26":0,"27":0,"28":0,"29":0,"30":0,"31":0,"32":0,"33":0,"34":0,"35":0,"36":0,"37":0,"38":0,"39":0,"40":0,"41":0,"42":0,"43":0,"44":0,"45":0,"46":0,"47":0,"48":0,"49":0,"50":0,"51":0,"52":0,"53":0,"54":0,"55":0,"56":0,"57":0,"58":0,"59":0,"60":0,"61":0,"62":0,"63":0,"64":0,"65":0,"66":0,"67":0,"68":0,"69":0,"70":0,"71":0,"72":0,"73":0,"74":0,"75":0},"f":{"0":0,"1":0,"2":0,"3":0},"b":{"0":[0],"1":[0,0],"2":[0,0],"3":[0,0],"4":[0,0],"5":[0,0],"6":[0,0],"7":[0,0],"8":[0,0],"9":[0,0],"10":[0,0],"11":[0,0],"12":[0,0],"13":[0,0],"14":[0,0],"15":[0,0],"16":[0,0],"17":[0,0],"18":[0,0],"19":[0,0],"20":[0,0],"21":[0,0],"22":[0,0]}}
}
