TN:
SF:js/background.js
FN:4,(anonymous_0)
FN:11,(anonymous_1)
FN:15,(anonymous_2)
FN:36,(anonymous_3)
FN:56,(anonymous_4)
FN:65,(anonymous_5)
FN:78,(anonymous_6)
FN:96,(anonymous_7)
FNF:8
FNH:0
FNDA:0,(anonymous_0)
FNDA:0,(anonymous_1)
FNDA:0,(anonymous_2)
FNDA:0,(anonymous_3)
FNDA:0,(anonymous_4)
FNDA:0,(anonymous_5)
FNDA:0,(anonymous_6)
FNDA:0,(anonymous_7)
DA:1,0
DA:4,0
DA:5,0
DA:6,0
DA:11,0
DA:12,0
DA:13,0
DA:15,0
DA:16,0
DA:17,0
DA:18,0
DA:19,0
DA:22,0
DA:23,0
DA:24,0
DA:25,0
DA:28,0
DA:37,0
DA:38,0
DA:40,0
DA:42,0
DA:44,0
DA:51,0
DA:57,0
DA:58,0
DA:62,0
DA:64,0
DA:65,0
DA:66,0
DA:67,0
DA:69,0
DA:71,0
DA:75,0
DA:77,0
DA:78,0
DA:79,0
DA:81,0
DA:82,0
DA:83,0
DA:85,0
DA:89,0
DA:91,0
DA:96,0
DA:97,0
DA:98,0
DA:100,0
LF:46
LH:0
BRDA:5,0,0,0
BRDA:5,0,1,0
BRDA:12,1,0,0
BRDA:12,1,1,0
BRDA:13,2,0,0
BRDA:13,2,1,0
BRDA:16,3,0,0
BRDA:16,3,1,0
BRDA:37,4,0,0
BRDA:37,4,1,0
BRDA:57,5,0,0
BRDA:57,5,1,0
BRDA:62,6,0,0
BRDA:62,6,1,0
BRDA:64,7,0,0
BRDA:64,7,1,0
BRDA:66,8,0,0
BRDA:66,8,1,0
BRDA:75,9,0,0
BRDA:75,9,1,0
BRDA:77,10,0,0
BRDA:77,10,1,0
BRDA:79,11,0,0
BRDA:79,11,1,0
BRDA:97,12,0,0
BRDA:97,12,1,0
BRF:26
BRH:0
end_of_record
TN:
SF:js/cache.js
FN:4,getCache
FN:9,(anonymous_1)
FN:19,setCache
FNF:3
FNH:0
FNDA:0,getCache
FNDA:0,(anonymous_1)
FNDA:0,setCache
DA:1,0
DA:2,0
DA:5,0
DA:6,0
DA:9,0
DA:10,0
DA:11,0
DA:15,0
DA:16,0
DA:20,0
DA:22,0
DA:23,0
DA:29,0
LF:13
LH:0
BRDA:5,0,0,0
BRDA:5,0,1,0
BRDA:10,1,0,0
BRDA:10,1,1,0
BRDA:10,2,0,0
BRDA:10,2,1,0
BRDA:20,3,0,0
BRDA:20,3,1,0
BRDA:20,4,0,0
BRDA:20,4,1,0
BRF:10
BRH:0
end_of_record
TN:
SF:js/settings.js
FN:7,getEnabledMarkets
FN:8,(anonymous_1)
FN:9,(anonymous_2)
FN:16,saveEnabledMarkets
FN:17,(anonymous_4)
FN:23,createMarketItem
FN:43,initializeSettings
FN:48,(anonymous_7)
FN:55,(anonymous_8)
FN:60,(anonymous_9)
FN:63,(anonymous_10)
FN:64,(anonymous_11)
FNF:12
FNH:0
FNDA:0,getEnabledMarkets
FNDA:0,(anonymous_1)
FNDA:0,(anonymous_2)
FNDA:0,saveEnabledMarkets
FNDA:0,(anonymous_4)
FNDA:0,createMarketItem
FNDA:0,initializeSettings
FNDA:0,(anonymous_7)
FNDA:0,(anonymous_8)
FNDA:0,(anonymous_9)
FNDA:0,(anonymous_10)
FNDA:0,(anonymous_11)
DA:4,0
DA:8,0
DA:9,0
DA:10,0
DA:17,0
DA:18,0
DA:24,0
DA:25,0
DA:26,0
DA:39,0
DA:44,0
DA:45,0
DA:48,0
DA:49,0
DA:50,0
DA:51,0
DA:55,0
DA:56,0
DA:60,0
DA:61,0
DA:62,0
DA:63,0
DA:64,0
DA:66,0
DA:67,0
DA:68,0
DA:71,0
DA:72,0
DA:77,0
LF:29
LH:0
BRDA:10,0,0,0
BRDA:10,0,1,0
BRDA:31,1,0,0
BRDA:31,1,1,0
BRDA:35,2,0,0
BRDA:35,2,1,0
BRDA:66,3,0,0
BRDA:66,3,1,0
BRF:8
BRH:0
end_of_record
TN:
SF:js/watchlist.js
FN:3,(anonymous_0)
FN:8,(anonymous_1)
FN:9,(anonymous_2)
FN:10,(anonymous_3)
FN:20,(anonymous_4)
FN:21,(anonymous_5)
FN:28,(anonymous_6)
FN:38,(anonymous_7)
FN:52,(anonymous_8)
FN:67,(anonymous_9)
FN:77,(anonymous_10)
FN:78,(anonymous_11)
FN:85,(anonymous_12)
FNF:13
FNH:3
FNDA:13,(anonymous_0)
FNDA:13,(anonymous_1)
FNDA:13,(anonymous_2)
FNDA:0,(anonymous_3)
FNDA:0,(anonymous_4)
FNDA:0,(anonymous_5)
FNDA:0,(anonymous_6)
FNDA:0,(anonymous_7)
FNDA:0,(anonymous_8)
FNDA:0,(anonymous_9)
FNDA:0,(anonymous_10)
FNDA:0,(anonymous_11)
FNDA:0,(anonymous_12)
DA:4,13
DA:9,13
DA:10,13
DA:11,0
DA:12,0
DA:14,0
DA:21,0
DA:22,0
DA:23,0
DA:29,0
DA:30,0
DA:32,0
DA:33,0
DA:34,0
DA:39,0
DA:40,0
DA:42,0
DA:43,0
DA:44,0
DA:45,0
DA:46,0
DA:48,0
DA:53,0
DA:54,0
DA:56,0
DA:57,0
DA:58,0
DA:59,0
DA:60,0
DA:61,0
DA:63,0
DA:68,0
DA:69,0
DA:71,0
DA:72,0
DA:73,0
DA:78,0
DA:86,0
LF:38
LH:3
BRDA:11,0,0,0
BRDA:11,0,1,0
BRDA:29,1,0,0
BRDA:29,1,1,0
BRDA:39,2,0,0
BRDA:39,2,1,0
BRDA:43,3,0,0
BRDA:43,3,1,0
BRDA:53,4,0,0
BRDA:53,4,1,0
BRDA:58,5,0,0
BRDA:58,5,1,0
BRDA:68,6,0,0
BRDA:68,6,1,0
BRDA:86,7,0,0
BRDA:86,7,1,0
BRF:16
BRH:0
end_of_record
TN:
SF:js/components/watchlistUI.js
FN:5,(anonymous_0)
FN:12,(anonymous_1)
FN:23,(anonymous_2)
FN:24,(anonymous_3)
FN:33,(anonymous_4)
FN:57,(anonymous_5)
FN:79,(anonymous_6)
FN:168,(anonymous_7)
FN:182,(anonymous_8)
FN:198,(anonymous_9)
FN:203,(anonymous_10)
FN:206,(anonymous_11)
FN:221,(anonymous_12)
FN:228,(anonymous_13)
FN:239,(anonymous_14)
FN:241,(anonymous_15)
FN:271,(anonymous_16)
FN:275,(anonymous_17)
FN:290,(anonymous_18)
FN:292,(anonymous_19)
FN:293,(anonymous_20)
FN:316,(anonymous_21)
FN:337,(anonymous_22)
FN:340,(anonymous_23)
FN:347,(anonymous_24)
FN:358,(anonymous_25)
FN:369,(anonymous_26)
FN:371,(anonymous_27)
FN:374,(anonymous_28)
FN:488,(anonymous_29)
FN:498,(anonymous_30)
FN:506,(anonymous_31)
FNF:32
FNH:7
FNDA:13,(anonymous_0)
FNDA:13,(anonymous_1)
FNDA:12,(anonymous_2)
FNDA:12,(anonymous_3)
FNDA:4,(anonymous_4)
FNDA:0,(anonymous_5)
FNDA:5,(anonymous_6)
FNDA:0,(anonymous_7)
FNDA:0,(anonymous_8)
FNDA:0,(anonymous_9)
FNDA:0,(anonymous_10)
FNDA:0,(anonymous_11)
FNDA:0,(anonymous_12)
FNDA:0,(anonymous_13)
FNDA:1,(anonymous_14)
FNDA:0,(anonymous_15)
FNDA:0,(anonymous_16)
FNDA:0,(anonymous_17)
FNDA:0,(anonymous_18)
FNDA:0,(anonymous_19)
FNDA:0,(anonymous_20)
FNDA:0,(anonymous_21)
FNDA:0,(anonymous_22)
FNDA:0,(anonymous_23)
FNDA:0,(anonymous_24)
FNDA:0,(anonymous_25)
FNDA:0,(anonymous_26)
FNDA:0,(anonymous_27)
FNDA:0,(anonymous_28)
FNDA:0,(anonymous_29)
FNDA:0,(anonymous_30)
FNDA:0,(anonymous_31)
DA:6,13
DA:7,13
DA:8,13
DA:9,13
DA:13,13
DA:14,0
DA:15,0
DA:16,0
DA:24,12
DA:26,12
DA:27,1
DA:28,1
DA:29,1
DA:30,1
DA:33,11
DA:34,4
DA:36,4
DA:38,4
DA:39,4
DA:40,1
DA:43,3
DA:45,3
DA:46,3
DA:47,1
DA:50,2
DA:51,2
DA:52,2
DA:54,2
DA:55,2
DA:56,2
DA:57,2
DA:59,2
DA:66,2
DA:68,2
DA:69,0
DA:72,2
DA:74,2
DA:75,0
DA:79,2
DA:80,5
DA:82,5
DA:83,5
DA:86,5
DA:90,5
DA:92,5
DA:93,5
DA:94,5
DA:96,5
DA:98,0
DA:99,0
DA:101,3
DA:102,3
DA:105,2
DA:107,2
DA:110,0
DA:112,0
DA:115,0
DA:117,0
DA:119,0
DA:120,0
DA:122,0
DA:123,0
DA:125,0
DA:126,0
DA:128,0
DA:129,0
DA:131,0
DA:132,0
DA:135,5
DA:136,3
DA:137,3
DA:138,3
DA:143,2
DA:144,0
DA:145,0
DA:148,2
DA:149,2
DA:152,2
DA:155,0
DA:156,0
DA:158,0
DA:159,0
DA:163,0
DA:164,0
DA:168,0
DA:172,2
DA:174,2
DA:175,2
DA:176,2
DA:183,0
DA:199,0
DA:200,0
DA:201,0
DA:203,0
DA:207,0
DA:221,0
DA:229,0
DA:241,1
DA:242,0
DA:243,0
DA:245,0
DA:246,0
DA:247,0
DA:249,0
DA:251,0
DA:252,0
DA:254,0
DA:256,0
DA:257,0
DA:259,0
DA:261,0
DA:262,0
DA:264,0
DA:269,1
DA:270,1
DA:271,0
DA:276,0
DA:277,0
DA:279,0
DA:280,0
DA:281,0
DA:282,0
DA:283,0
DA:286,0
DA:292,0
DA:293,0
DA:296,0
DA:297,0
DA:298,0
DA:301,0
DA:302,0
DA:303,0
DA:306,0
DA:307,0
DA:308,0
DA:309,0
DA:316,0
DA:328,0
DA:330,0
DA:331,0
DA:334,0
DA:337,0
DA:338,0
DA:339,0
DA:340,0
DA:341,0
DA:342,0
DA:347,0
DA:348,0
DA:349,0
DA:350,0
DA:351,0
DA:352,0
DA:353,0
DA:354,0
DA:355,0
DA:356,0
DA:357,0
DA:358,0
DA:362,0
DA:364,0
DA:369,0
DA:370,0
DA:371,0
DA:372,0
DA:374,0
DA:375,0
DA:379,0
DA:380,0
DA:485,0
DA:489,0
DA:491,0
DA:492,0
DA:493,0
DA:494,0
DA:495,0
DA:496,0
DA:497,0
DA:498,0
DA:502,0
DA:507,0
DA:509,0
DA:510,0
DA:511,0
DA:512,0
DA:513,0
DA:514,0
DA:515,0
DA:516,0
DA:520,0
LF:190
LH:62
BRDA:26,0,0,1
BRDA:26,0,1,11
BRDA:26,1,0,12
BRDA:26,1,1,11
BRDA:26,1,2,11
BRDA:39,2,0,1
BRDA:39,2,1,3
BRDA:46,3,0,1
BRDA:46,3,1,2
BRDA:46,4,0,3
BRDA:46,4,1,2
BRDA:68,5,0,0
BRDA:68,5,1,2
BRDA:74,6,0,0
BRDA:74,6,1,2
BRDA:74,7,0,2
BRDA:74,7,1,2
BRDA:80,8,0,0
BRDA:80,8,1,5
BRDA:83,9,0,0
BRDA:83,9,1,5
BRDA:86,10,0,5
BRDA:86,10,1,0
BRDA:86,10,2,0
BRDA:90,11,0,0
BRDA:90,11,1,5
BRDA:93,12,0,5
BRDA:93,12,1,0
BRDA:94,13,0,5
BRDA:94,13,1,0
BRDA:96,14,0,0
BRDA:96,14,1,3
BRDA:96,14,2,2
BRDA:96,14,3,0
BRDA:96,14,4,0
BRDA:96,14,5,0
BRDA:96,14,6,0
BRDA:96,14,7,0
BRDA:96,14,8,0
BRDA:96,14,9,0
BRDA:98,15,0,0
BRDA:98,15,1,0
BRDA:101,16,0,3
BRDA:101,16,1,1
BRDA:105,17,0,2
BRDA:105,17,1,0
BRDA:105,17,2,2
BRDA:105,17,3,0
BRDA:110,18,0,0
BRDA:110,18,1,0
BRDA:110,18,2,0
BRDA:110,18,3,0
BRDA:115,19,0,0
BRDA:115,19,1,0
BRDA:115,19,2,0
BRDA:115,19,3,0
BRDA:119,20,0,0
BRDA:119,20,1,0
BRDA:122,21,0,0
BRDA:122,21,1,0
BRDA:125,22,0,0
BRDA:125,22,1,0
BRDA:128,23,0,0
BRDA:128,23,1,0
BRDA:135,24,0,3
BRDA:135,24,1,2
BRDA:137,25,0,3
BRDA:137,25,1,0
BRDA:143,26,0,0
BRDA:143,26,1,2
BRDA:158,27,0,0
BRDA:158,27,1,0
BRDA:163,28,0,0
BRDA:163,28,1,0
BRDA:200,29,0,0
BRDA:200,29,1,0
BRDA:221,30,0,0
BRDA:221,30,1,0
BRDA:243,31,0,0
BRDA:243,31,1,0
BRDA:249,32,0,0
BRDA:249,32,1,0
BRDA:249,32,2,0
BRDA:251,33,0,0
BRDA:251,33,1,0
BRDA:256,34,0,0
BRDA:256,34,1,0
BRDA:256,35,0,0
BRDA:256,35,1,0
BRDA:261,36,0,0
BRDA:261,36,1,0
BRDA:270,37,0,0
BRDA:270,37,1,1
BRDA:277,38,0,0
BRDA:277,38,1,0
BRDA:282,39,0,0
BRDA:282,39,1,0
BRDA:296,40,0,0
BRDA:296,40,1,0
BRDA:301,41,0,0
BRDA:301,41,1,0
BRDA:342,42,0,0
BRDA:342,42,1,0
BRDA:349,43,0,0
BRDA:349,43,1,0
BRDA:354,44,0,0
BRDA:354,44,1,0
BRDA:357,45,0,0
BRDA:357,45,1,0
BRDA:372,46,0,0
BRDA:372,46,1,0
BRDA:375,47,0,0
BRDA:375,47,1,0
BRDA:489,48,0,0
BRDA:489,48,1,0
BRDA:494,49,0,0
BRDA:494,49,1,0
BRDA:497,50,0,0
BRDA:497,50,1,0
BRDA:507,51,0,0
BRDA:507,51,1,0
BRDA:512,52,0,0
BRDA:512,52,1,0
BRDA:515,53,0,0
BRDA:515,53,1,0
BRDA:515,54,0,0
BRDA:515,54,1,0
BRF:127
BRH:32
end_of_record
TN:
SF:js/config/markets.js
FNF:0
FNH:0
DA:1,1
DA:9,1
LF:2
LH:2
BRF:0
BRH:0
end_of_record
TN:
SF:js/utils/dateUtils.js
FN:1,getMarketTime
FN:14,calculateTimeUntilOpen
FN:58,formatTimeDifference
FN:71,isMarketOpen
FNF:4
FNH:0
FNDA:0,getMarketTime
FNDA:0,calculateTimeUntilOpen
FNDA:0,formatTimeDifference
FNDA:0,isMarketOpen
DA:2,0
DA:3,0
DA:5,0
DA:6,0
DA:8,0
DA:10,0
DA:15,0
DA:16,0
DA:17,0
DA:20,0
DA:21,0
DA:22,0
DA:23,0
DA:26,0
DA:27,0
DA:28,0
DA:29,0
DA:30,0
DA:31,0
DA:33,0
DA:34,0
DA:38,0
DA:39,0
DA:40,0
DA:41,0
DA:42,0
DA:43,0
DA:47,0
DA:48,0
DA:49,0
DA:50,0
DA:51,0
DA:52,0
DA:55,0
DA:59,0
DA:60,0
DA:61,0
DA:63,0
DA:64,0
DA:65,0
DA:66,0
DA:68,0
DA:72,0
DA:73,0
DA:74,0
DA:77,0
DA:78,0
DA:79,0
DA:80,0
DA:81,0
DA:84,0
DA:85,0
DA:89,0
LF:53
LH:0
BRDA:15,0,0,0
BRDA:15,0,1,0
BRDA:26,1,0,0
BRDA:26,1,1,0
BRDA:39,2,0,0
BRDA:39,2,1,0
BRDA:47,3,0,0
BRDA:47,3,1,0
BRDA:64,4,0,0
BRDA:64,4,1,0
BRDA:65,5,0,0
BRDA:65,5,1,0
BRDA:66,6,0,0
BRDA:66,6,1,0
BRDA:72,7,0,0
BRDA:72,7,1,0
BRDA:84,8,0,0
BRDA:84,8,1,0
BRDA:89,9,0,0
BRDA:89,9,1,0
BRF:20
BRH:0
end_of_record
TN:
SF:js/utils/marketUtils.js
FN:4,fetchMarketValue
FN:62,updateMarketStatus
FN:82,isMarketOpen
FN:108,calculateTimeUntilOpen
FNF:4
FNH:0
FNDA:0,fetchMarketValue
FNDA:0,updateMarketStatus
FNDA:0,isMarketOpen
FNDA:0,calculateTimeUntilOpen
DA:5,0
DA:6,0
DA:7,0
DA:10,0
DA:11,0
DA:13,0
DA:15,0
DA:16,0
DA:18,0
DA:26,0
DA:27,0
DA:30,0
DA:31,0
DA:32,0
DA:35,0
DA:36,0
DA:37,0
DA:38,0
DA:39,0
DA:42,0
DA:43,0
DA:45,0
DA:46,0
DA:49,0
DA:57,0
DA:58,0
DA:63,0
DA:64,0
DA:65,0
DA:68,0
DA:69,0
DA:71,0
DA:72,0
DA:73,0
DA:77,0
DA:79,0
DA:83,0
DA:84,0
DA:85,0
DA:86,0
DA:89,0
DA:90,0
DA:91,0
DA:92,0
DA:95,0
DA:96,0
DA:97,0
DA:100,0
DA:101,0
DA:103,0
DA:104,0
DA:109,0
DA:110,0
DA:111,0
DA:114,0
DA:115,0
DA:116,0
DA:119,0
DA:120,0
DA:123,0
DA:125,0
DA:128,0
DA:129,0
DA:130,0
DA:134,0
DA:135,0
DA:137,0
DA:138,0
DA:139,0
DA:140,0
DA:142,0
DA:145,0
DA:146,0
DA:149,0
DA:151,0
DA:152,0
LF:76
LH:0
BRDA:4,0,0,0
BRDA:5,1,0,0
BRDA:5,1,1,0
BRDA:26,2,0,0
BRDA:26,2,1,0
BRDA:31,3,0,0
BRDA:31,3,1,0
BRDA:38,4,0,0
BRDA:38,4,1,0
BRDA:42,5,0,0
BRDA:42,5,1,0
BRDA:42,6,0,0
BRDA:42,6,1,0
BRDA:45,7,0,0
BRDA:45,7,1,0
BRDA:63,8,0,0
BRDA:63,8,1,0
BRDA:71,9,0,0
BRDA:71,9,1,0
BRDA:84,10,0,0
BRDA:84,10,1,0
BRDA:84,11,0,0
BRDA:84,11,1,0
BRDA:90,12,0,0
BRDA:90,12,1,0
BRDA:96,13,0,0
BRDA:96,13,1,0
BRDA:101,14,0,0
BRDA:101,14,1,0
BRDA:110,15,0,0
BRDA:110,15,1,0
BRDA:110,16,0,0
BRDA:110,16,1,0
BRDA:115,17,0,0
BRDA:115,17,1,0
BRDA:123,18,0,0
BRDA:123,18,1,0
BRDA:123,19,0,0
BRDA:123,19,1,0
BRDA:139,20,0,0
BRDA:139,20,1,0
BRDA:145,21,0,0
BRDA:145,21,1,0
BRDA:149,22,0,0
BRDA:149,22,1,0
BRF:45
BRH:0
end_of_record
